INFO-FLOW: Workspace /home/filipe/MEGA/GitHub/Neural-Network-High-Level-Synthesis-Lenet/lenet_hls/solution1 opened at Thu Jun 18 10:22:14 -03 2020
Execute     config_clock -quiet -name default -period 10 -default=false 
INFO: [SYN 201-201] Setting up clock 'default' with a period of 10ns.
Execute     config_clock -quiet -name default -uncertainty 1.25 -unit % 
INFO: [SYN 201-201] Setting up clock 'default' with an uncertainty of 1.25ns.
Execute     open_platform DefaultPlatform 
Execute     import_lib /tools/Xilinx/Vivado/2018.3/common/technology/xilinx/zynq/zynq 
Execute       source /tools/Xilinx/Vivado/2018.3/common/technology/xilinx/common/xilinx.lib 
Execute         source /tools/Xilinx/Vivado/2018.3/common/technology/xilinx/interface/xilinx_interface.lib 
Execute           source /tools/Xilinx/Vivado/2018.3/common/technology/xilinx/interface/plb46.lib 
Execute           source /tools/Xilinx/Vivado/2018.3/common/technology/xilinx/interface/fsl.lib 
Execute           source /tools/Xilinx/Vivado/2018.3/common/technology/xilinx/interface/axi4.lib 
Execute           source /tools/Xilinx/Vivado/2018.3/common/technology/xilinx/interface/maxi.lib 
Execute           source /tools/Xilinx/Vivado/2018.3/common/technology/xilinx/interface/saxilite.lib 
Execute         source /tools/Xilinx/Vivado/2018.3/common/technology/xilinx/common/dsp48.lib 
Execute         source /tools/Xilinx/Vivado/2018.3/common/technology/xilinx/ip/xfir.lib 
Execute         source /tools/Xilinx/Vivado/2018.3/common/technology/xilinx/ip/dds_compiler.lib 
Execute         source /tools/Xilinx/Vivado/2018.3/common/technology/xilinx/ip/xfft.lib 
Execute       source /tools/Xilinx/Vivado/2018.3/common/technology/xilinx/common/xilinx_old.lib 
Execute       source /tools/Xilinx/Vivado/2018.3/common/technology/xilinx/common/xilinx_vivado.lib 
Execute       source /tools/Xilinx/Vivado/2018.3/common/technology/xilinx/common/xilinx.hlp 
Execute         source /tools/Xilinx/Vivado/2018.3/common/technology/xilinx/common/target_info.tcl 
Execute         source /tools/Xilinx/Vivado/2018.3/common/technology/xilinx/interface/xilinx_interface.hlp 
Execute           source /tools/Xilinx/Vivado/2018.3/common/technology/xilinx/interface/maxi.hlp 
Execute           source /tools/Xilinx/Vivado/2018.3/common/technology/xilinx/interface/saxilite.hlp 
Execute         source /tools/Xilinx/Vivado/2018.3/common/technology/xilinx/common/dsp48.hlp 
Execute       source /tools/Xilinx/Vivado/2018.3/common/technology/xilinx/zynq/dsp48e1.hlp 
Execute       get_default_platform 
Execute       config_chip_info -quiet -resource  {SLICE 13300}  {LUT 53200}     {FF 106400} {DSP48E 220}   {BRAM 280}  
Execute       config_chip_info -quiet -speed medium 
Execute       source /tools/Xilinx/Vivado/2018.3/common/technology/xilinx/common/xilinx.hlp 
Execute         source /tools/Xilinx/Vivado/2018.3/common/technology/xilinx/common/target_info.tcl 
Execute         source /tools/Xilinx/Vivado/2018.3/common/technology/xilinx/interface/xilinx_interface.hlp 
Execute           source /tools/Xilinx/Vivado/2018.3/common/technology/xilinx/interface/maxi.hlp 
Execute           source /tools/Xilinx/Vivado/2018.3/common/technology/xilinx/interface/saxilite.hlp 
Execute         source /tools/Xilinx/Vivado/2018.3/common/technology/xilinx/common/dsp48.hlp 
Execute     source /tools/Xilinx/Vivado/2018.3/common/technology/xilinx/zynq/zynq.gen 
Execute       source /tools/Xilinx/Vivado/2018.3/common/technology/xilinx/common/virtex.gen 
Execute         source /tools/Xilinx/Vivado/2018.3/common/technology/xilinx/common/xilinx.gen 
Execute           source /tools/Xilinx/Vivado/2018.3/common/technology/xilinx/interface/plb46.gen 
Execute           source /tools/Xilinx/Vivado/2018.3/common/technology/xilinx/interface/fsl.gen 
Execute           source /tools/Xilinx/Vivado/2018.3/common/technology/xilinx/interface/axi4.gen 
Execute           source /tools/Xilinx/Vivado/2018.3/common/technology/xilinx/interface/nativeAXI4.gen 
Execute             source /tools/Xilinx/Vivado/2018.3/common/technology/xilinx/interface/saxilite.gen 
Execute             source /tools/Xilinx/Vivado/2018.3/common/technology/xilinx/interface/maxi.gen 
Execute           source /tools/Xilinx/Vivado/2018.3/common/technology/xilinx/scripts/xilinxcoregen.gen 
Execute           source /tools/Xilinx/Vivado/2018.3/common/technology/xilinx/interface/XilEDKCoreGen.gen 
Execute           source /tools/Xilinx/Vivado/2018.3/common/technology/xilinx/ip/dds_compiler.gen 
Execute           source /tools/Xilinx/Vivado/2018.3/common/technology/xilinx/ip/util.gen 
Execute           source /tools/Xilinx/Vivado/2018.3/common/technology/xilinx/ip/xfft.gen 
Execute           source /tools/Xilinx/Vivado/2018.3/common/technology/xilinx/ip/xfir.gen 
Command         ap_source done; 0.14 sec.
Execute         source /tools/Xilinx/Vivado/2018.3/common/technology/xilinx/common/dsp48.gen 
Command       ap_source done; 0.14 sec.
Command     ap_source done; 0.14 sec.
Execute     open_platform DefaultPlatform 
Execute     import_lib /tools/Xilinx/Vivado/2018.3/common/technology/xilinx/zynq/zynq_fpv6 
Execute       source /tools/Xilinx/Vivado/2018.3/common/technology/xilinx/common/xilinx_fpv7.lib 
Execute         source /tools/Xilinx/Vivado/2018.3/common/technology/xilinx/common/xilinx_hp.lib 
Execute       source /tools/Xilinx/Vivado/2018.3/common/technology/xilinx/common/xilinx_fpv.hlp 
Execute         source /tools/Xilinx/Vivado/2018.3/common/technology/xilinx/common/xilinx.hlp 
Execute           source /tools/Xilinx/Vivado/2018.3/common/technology/xilinx/common/target_info.tcl 
Execute           source /tools/Xilinx/Vivado/2018.3/common/technology/xilinx/interface/xilinx_interface.hlp 
Execute             source /tools/Xilinx/Vivado/2018.3/common/technology/xilinx/interface/maxi.hlp 
Execute             source /tools/Xilinx/Vivado/2018.3/common/technology/xilinx/interface/saxilite.hlp 
Execute           source /tools/Xilinx/Vivado/2018.3/common/technology/xilinx/common/dsp48.hlp 
Execute       source /tools/Xilinx/Vivado/2018.3/common/technology/xilinx/zynq/zynq_hp.hlp 
Execute     source /tools/Xilinx/Vivado/2018.3/common/technology/xilinx/zynq/zynq_fpv6.gen 
Execute       source /tools/Xilinx/Vivado/2018.3/common/technology/xilinx/common/xilinx_fpv6.gen 
Execute     set_part xc7z007sclg225-1 
Execute       add_library xilinx/zynq/zynq:xc7z007s:clg225:-1 
Execute         get_default_platform 
Execute         license_isbetapart xc7z007s 
Command         license_isbetapart done; error code: 1; 
Execute         get_default_platform 
Execute         config_chip_info -quiet -resource  {SLICE 3600}   {LUT 14400}     {FF 28800}  {DSP48E 66}    {BRAM 100}  
Execute         config_chip_info -quiet -speed slow 
Execute       add_library xilinx/zynq/zynq_fpv6 
Execute         get_default_platform 
Execute         open_platform DefaultPlatform 
Execute         import_lib /tools/Xilinx/Vivado/2018.3/common/technology/xilinx/zynq/zynq_fpv6 
Execute           source /tools/Xilinx/Vivado/2018.3/common/technology/xilinx/common/xilinx_fpv7.lib 
Execute             source /tools/Xilinx/Vivado/2018.3/common/technology/xilinx/common/xilinx_hp.lib 
Execute           source /tools/Xilinx/Vivado/2018.3/common/technology/xilinx/common/xilinx_fpv.hlp 
Execute             source /tools/Xilinx/Vivado/2018.3/common/technology/xilinx/common/xilinx.hlp 
Execute               source /tools/Xilinx/Vivado/2018.3/common/technology/xilinx/common/target_info.tcl 
Execute               source /tools/Xilinx/Vivado/2018.3/common/technology/xilinx/interface/xilinx_interface.hlp 
Execute                 source /tools/Xilinx/Vivado/2018.3/common/technology/xilinx/interface/maxi.hlp 
Execute                 source /tools/Xilinx/Vivado/2018.3/common/technology/xilinx/interface/saxilite.hlp 
Execute               source /tools/Xilinx/Vivado/2018.3/common/technology/xilinx/common/dsp48.hlp 
Execute           source /tools/Xilinx/Vivado/2018.3/common/technology/xilinx/zynq/zynq_hp.hlp 
Execute         source /tools/Xilinx/Vivado/2018.3/common/technology/xilinx/zynq/zynq_fpv6.gen 
Execute           source /tools/Xilinx/Vivado/2018.3/common/technology/xilinx/common/xilinx_fpv6.gen 
INFO: [HLS 200-10] Setting target device to 'xc7z007sclg225-1'
Execute       get_default_platform 
Execute     get_default_platform 
Execute     config_chip_info -quiet -resource  {SLICE 3600}   {LUT 14400}     {FF 28800}  {DSP48E 66}    {BRAM 100}  
Execute     config_chip_info -quiet -speed slow 
Execute     config_compile -no_signed_zeros=0 
INFO: [XFORM 203-1172] Optimizing floating point zeros and discarding its signedness.
Execute     config_compile -unsafe_math_optimizations=0 
INFO: [XFORM 203-1172] Optimizing floating point zeros and discarding its signedness.
INFO: [XFORM 203-1173] Reordering floating point operations aggressively.
INFO: [XFORM 203-1176] Optimizing floating point comparison without checking NaN.
Execute     config_sdx -optimization_level=none 
Execute       get_config_export -vivado_synth_design_args 
Execute       get_config_export -vivado_impl_strategy 
Execute       get_config_export -vivado_synth_strategy 
Execute       get_config_export -vivado_phys_opt 
Execute       get_config_bind -effort 
Execute       get_config_schedule -effort 
Execute     config_sdx -target=none 
Execute       send_msg_by_id INFO @200-435@%s%s 'config_sdx -target' config_sdx -optimization_level=none 
INFO: [HLS 200-435] Setting 'config_sdx -target' configuration: config_sdx -optimization_level=none
Execute       config_sdx -optimization_level=none 
Execute         get_config_export -vivado_synth_design_args 
Execute         get_config_export -vivado_impl_strategy 
Execute         get_config_export -vivado_synth_strategy 
Execute         get_config_export -vivado_phys_opt 
Execute         get_config_bind -effort 
Execute         get_config_schedule -effort 
Execute       get_config_compile -pipeline_loops 
Execute       get_config_compile -name_max_length 
Execute       get_config_schedule -relax_ii_for_timing 
Execute       get_config_schedule -enable_dsp_full_reg 
Execute       get_config_rtl -register_reset_num 
Execute       get_config_rtl -auto_prefix 
Execute       get_config_rtl -enable_maxiConservative 
Execute       get_config_interface -m_axi_addr64 
Execute       send_msg_by_id INFO @200-435@%s%s 'config_sdx -target' set_clock_uncertainty default 
INFO: [HLS 200-435] Setting 'config_sdx -target' configuration: set_clock_uncertainty default
Execute       set_clock_uncertainty default 
Execute     config_bind -effort=medium 
Execute     config_schedule -effort=medium 
Execute     config_schedule -relax_ii_for_timing=0 
Command   open_solution done; 0.27 sec.
Execute   set_part xc7z007sclg225-1 
Execute     add_library xilinx/zynq/zynq:xc7z007s:clg225:-1 
Execute       get_default_platform 
Execute       license_isbetapart xc7z007s 
Command       license_isbetapart done; error code: 1; 
Execute       get_default_platform 
Execute       config_chip_info -quiet -resource  {SLICE 3600}   {LUT 14400}     {FF 28800}  {DSP48E 66}    {BRAM 100}  
Execute       config_chip_info -quiet -speed slow 
Execute     add_library xilinx/zynq/zynq_fpv6 
Execute       get_default_platform 
Execute       open_platform DefaultPlatform 
Execute       import_lib /tools/Xilinx/Vivado/2018.3/common/technology/xilinx/zynq/zynq_fpv6 
Execute         source /tools/Xilinx/Vivado/2018.3/common/technology/xilinx/common/xilinx_fpv7.lib 
Execute           source /tools/Xilinx/Vivado/2018.3/common/technology/xilinx/common/xilinx_hp.lib 
Execute         source /tools/Xilinx/Vivado/2018.3/common/technology/xilinx/common/xilinx_fpv.hlp 
Execute           source /tools/Xilinx/Vivado/2018.3/common/technology/xilinx/common/xilinx.hlp 
Execute             source /tools/Xilinx/Vivado/2018.3/common/technology/xilinx/common/target_info.tcl 
Execute             source /tools/Xilinx/Vivado/2018.3/common/technology/xilinx/interface/xilinx_interface.hlp 
Execute               source /tools/Xilinx/Vivado/2018.3/common/technology/xilinx/interface/maxi.hlp 
Execute               source /tools/Xilinx/Vivado/2018.3/common/technology/xilinx/interface/saxilite.hlp 
Execute             source /tools/Xilinx/Vivado/2018.3/common/technology/xilinx/common/dsp48.hlp 
Execute         source /tools/Xilinx/Vivado/2018.3/common/technology/xilinx/zynq/zynq_hp.hlp 
Execute       source /tools/Xilinx/Vivado/2018.3/common/technology/xilinx/zynq/zynq_fpv6.gen 
Execute         source /tools/Xilinx/Vivado/2018.3/common/technology/xilinx/common/xilinx_fpv6.gen 
Execute     get_default_platform 
Execute   create_clock -period 10 -name default 
Execute   config_compile -no_signed_zeros=0 -unsafe_math_optimizations=0 
INFO: [XFORM 203-1172] Optimizing floating point zeros and discarding its signedness.
INFO: [XFORM 203-1172] Optimizing floating point zeros and discarding its signedness.
INFO: [XFORM 203-1173] Reordering floating point operations aggressively.
INFO: [XFORM 203-1176] Optimizing floating point comparison without checking NaN.
Execute   config_sdx -optimization_level none -target none 
Execute     get_config_export -vivado_synth_design_args 
Execute     get_config_export -vivado_impl_strategy 
Execute     get_config_export -vivado_synth_strategy 
Execute     get_config_export -vivado_phys_opt 
Execute     get_config_bind -effort 
Execute     get_config_schedule -effort 
Execute     get_config_compile -pipeline_loops 
Execute     get_config_compile -name_max_length 
Execute     get_config_schedule -relax_ii_for_timing 
Execute     get_config_schedule -enable_dsp_full_reg 
Execute     get_config_rtl -register_reset_num 
Execute     get_config_rtl -auto_prefix 
Execute     get_config_rtl -enable_maxiConservative 
Execute     get_config_interface -m_axi_addr64 
Execute     send_msg_by_id INFO @200-435@%s%s 'config_sdx -target' set_clock_uncertainty default 
INFO: [HLS 200-435] Setting 'config_sdx -target' configuration: set_clock_uncertainty default
Execute     set_clock_uncertainty default 
Execute   config_bind -effort medium 
Execute   config_schedule -effort medium -relax_ii_for_timing=0 
Execute   set_clock_uncertainty 12.5% 
Execute   csynth_design 
Execute     get_config_compile -effort 
Execute     get_config_compile -enable_clang39 
Execute     get_config_compile -g 
Execute     get_config_compile -lm 
Execute     get_config_compile -ng 
Execute     get_config_compile -opt_fp 
Execute     get_config_compile -skip_cdt 
Execute     get_config_compile -skip_syncheck 
Execute     get_config_compile -skip_transform 
Execute     config_compile -blackbox  
Execute     get_config_compile -keep_printf 
Execute     elaborate -effort=medium -skip_syncheck=0 -keep_printf=0 -lm=0 -skip_cdt=0 -skip_transform=0 -ng=0 -g=0 -opt_fp=0 -from_csynth_design=1 
Execute       get_config_schedule -relax_ii_for_timing 
Execute       get_config_schedule -suppress_dependence_error_break 
INFO: [HLS 200-10] Analyzing design file 'lenet_hls/pool_layers.cpp' ... 
INFO-FLOW: Compiling one TU...
Execute       is_m_axi_addr64 
INFO-FLOW: Handling lenet_hls/pool_layers.cpp as C++
Execute       get_default_platform 
Execute       is_encrypted lenet_hls/pool_layers.cpp 
Execute       get_default_platform 
INFO-FLOW: Running: GCC PP
INFO-FLOW: Source preprocessing
Execute       clang  -fno-limit-debug-info -gcc-toolchain "/tools/Xilinx/Vivado/2018.3/lnx64/tools/gcc" -hls  -fno-exceptions  -D__llvm__  -E "lenet_hls/pool_layers.cpp"     -fno-math-errno -c -emit-llvm -O0  -mllvm -disable-llvm-optzns -fno-threadsafe-statics  -fno-use-cxa-atexit  -fno-threadsafe-statics -fno-use-cxa-atexit -D__CLANG_3_1__ -DAESL_SYN -D__SYNTHESIS__ -D__HLS_SYN__ -I "/tools/Xilinx/Vivado/2018.3/common/technology/autopilot" -I "/tools/Xilinx/Vivado/2018.3/common/technology/autopilot/ap_sysc" -include etc/autopilot_ssdm_op.h -D__DSP48E1__  -o "/home/filipe/MEGA/GitHub/Neural-Network-High-Level-Synthesis-Lenet/lenet_hls/solution1/.autopilot/db/pool_layers.pp.0.cpp" 
INFO-FLOW: exec /tools/Xilinx/Vivado/2018.3/lnx64/tools/clang/bin/clang -fno-limit-debug-info -gcc-toolchain /tools/Xilinx/Vivado/2018.3/lnx64/tools/gcc -hls -fno-exceptions -D__llvm__ -E lenet_hls/pool_layers.cpp -fno-math-errno -c -emit-llvm -O0 -mllvm -disable-llvm-optzns -fno-threadsafe-statics -fno-use-cxa-atexit -fno-threadsafe-statics -fno-use-cxa-atexit -D__CLANG_3_1__ -DAESL_SYN -D__SYNTHESIS__ -D__HLS_SYN__ -I /tools/Xilinx/Vivado/2018.3/common/technology/autopilot -I /tools/Xilinx/Vivado/2018.3/common/technology/autopilot/ap_sysc -include etc/autopilot_ssdm_op.h -D__DSP48E1__ -o /home/filipe/MEGA/GitHub/Neural-Network-High-Level-Synthesis-Lenet/lenet_hls/solution1/.autopilot/db/pool_layers.pp.0.cpp
Command       clang done; 1.34 sec.
Execute       tidy_31 xilinx-xfmat-array-geometry /home/filipe/MEGA/GitHub/Neural-Network-High-Level-Synthesis-Lenet/lenet_hls/solution1/.autopilot/db/pool_layers.pp.0.cpp std=gnu++98 
INFO-FLOW: exec /tools/Xilinx/Vivado/2018.3/lnx64/tools/clang-3.9-csynth/bin/tidy-3.1 -header-filter=.* -checks=-*,xilinx-xfmat-array-geometry -quiet -fix /home/filipe/MEGA/GitHub/Neural-Network-High-Level-Synthesis-Lenet/lenet_hls/solution1/.autopilot/db/pool_layers.pp.0.cpp -- -std=gnu++98 -fhls -ferror-limit=0
Command       tidy_31 done; 4.71 sec.
INFO-FLOW: Syntax Checking before pre-processing...
Execute       clang -syntaxcheck -src /home/filipe/MEGA/GitHub/Neural-Network-High-Level-Synthesis-Lenet/lenet_hls/solution1/.autopilot/db/pool_layers.pp.0.cpp  -fno-limit-debug-info -gcc-toolchain "/tools/Xilinx/Vivado/2018.3/lnx64/tools/gcc" -hls    -fno-math-errno -c -emit-llvm -O0  -mllvm -disable-llvm-optzns -fno-threadsafe-statics  -fno-use-cxa-atexit  -fno-threadsafe-statics -fno-use-cxa-atexit -D__CLANG_3_1__ -DAESL_SYN -D__SYNTHESIS__ -D__HLS_SYN__ -I "/tools/Xilinx/Vivado/2018.3/common/technology/autopilot" -I "/tools/Xilinx/Vivado/2018.3/common/technology/autopilot/ap_sysc" -include etc/autopilot_ssdm_op.h -D__DSP48E1__  "/home/filipe/MEGA/GitHub/Neural-Network-High-Level-Synthesis-Lenet/lenet_hls/solution1/.autopilot/db/pool_layers.pp.0.cpp"  -o "/home/filipe/MEGA/GitHub/Neural-Network-High-Level-Synthesis-Lenet/lenet_hls/solution1/.autopilot/db/useless.bc"  
INFO-FLOW: exec /tools/Xilinx/Vivado/2018.3/lnx64/tools/clang/bin/clang -fno-limit-debug-info -gcc-toolchain /tools/Xilinx/Vivado/2018.3/lnx64/tools/gcc -hls -fno-math-errno -c -emit-llvm -O0 -mllvm -disable-llvm-optzns -fno-threadsafe-statics -fno-use-cxa-atexit -fno-threadsafe-statics -fno-use-cxa-atexit -D__CLANG_3_1__ -DAESL_SYN -D__SYNTHESIS__ -D__HLS_SYN__ -I /tools/Xilinx/Vivado/2018.3/common/technology/autopilot -I /tools/Xilinx/Vivado/2018.3/common/technology/autopilot/ap_sysc -include etc/autopilot_ssdm_op.h -D__DSP48E1__ /home/filipe/MEGA/GitHub/Neural-Network-High-Level-Synthesis-Lenet/lenet_hls/solution1/.autopilot/db/pool_layers.pp.0.cpp -o /home/filipe/MEGA/GitHub/Neural-Network-High-Level-Synthesis-Lenet/lenet_hls/solution1/.autopilot/db/useless.bc
Command       clang done; 4.32 sec.
INFO-FLOW: Done: GCC PP time: 10.4 seconds per iteration
Execute       list_core -type functional_unit 
Execute       tidy_31 xilinx-systemc-detector /home/filipe/MEGA/GitHub/Neural-Network-High-Level-Synthesis-Lenet/lenet_hls/solution1/.autopilot/db/pool_layers.pp.0.cpp std=gnu++98 -directive=/home/filipe/MEGA/GitHub/Neural-Network-High-Level-Synthesis-Lenet/lenet_hls/solution1/.autopilot/db/.systemc_flag 
INFO-FLOW: exec /tools/Xilinx/Vivado/2018.3/lnx64/tools/clang-3.9-csynth/bin/tidy-3.1 -header-filter=.* -checks=-*,xilinx-systemc-detector -import-directive=/home/filipe/MEGA/GitHub/Neural-Network-High-Level-Synthesis-Lenet/lenet_hls/solution1/.autopilot/db/.systemc_flag -quiet -fix-errors /home/filipe/MEGA/GitHub/Neural-Network-High-Level-Synthesis-Lenet/lenet_hls/solution1/.autopilot/db/pool_layers.pp.0.cpp -- -std=gnu++98 -fhls -ferror-limit=0
Command       tidy_31 done; 4.14 sec.
INFO-FLOW: Running: tidy-3.1 CDT preprocess
Execute       tidy_31 xilinx-directive2pragma /home/filipe/MEGA/GitHub/Neural-Network-High-Level-Synthesis-Lenet/lenet_hls/solution1/.autopilot/db/pool_layers.pp.0.cpp std=gnu++98 -directive=/home/filipe/MEGA/GitHub/Neural-Network-High-Level-Synthesis-Lenet/lenet_hls/solution1/.autopilot/db/all.directive.json 
INFO-FLOW: exec /tools/Xilinx/Vivado/2018.3/lnx64/tools/clang-3.9-csynth/bin/tidy-3.1 -header-filter=.* -checks=-*,xilinx-directive2pragma -import-directive=/home/filipe/MEGA/GitHub/Neural-Network-High-Level-Synthesis-Lenet/lenet_hls/solution1/.autopilot/db/all.directive.json -quiet -fix-errors /home/filipe/MEGA/GitHub/Neural-Network-High-Level-Synthesis-Lenet/lenet_hls/solution1/.autopilot/db/pool_layers.pp.0.cpp -- -std=gnu++98 -fhls -ferror-limit=0
Command       tidy_31 done; 4.09 sec.
Execute       get_config_dataflow -strict_mode 
Execute       ap_eval exec -ignorestderr /tools/Xilinx/Vivado/2018.3/lnx64/tools/clang-3.9-csynth/bin/xilinx-dataflow-lawyer -export-fixes=/home/filipe/MEGA/GitHub/Neural-Network-High-Level-Synthesis-Lenet/lenet_hls/solution1/.autopilot/db/xilinx-dataflow-lawyer.pool_layers.pp.0.cpp.diag.yml /home/filipe/MEGA/GitHub/Neural-Network-High-Level-Synthesis-Lenet/lenet_hls/solution1/.autopilot/db/pool_layers.pp.0.cpp -- -std=gnu++98 -fhls -ferror-limit=0 -fstrict-dataflow > /home/filipe/MEGA/GitHub/Neural-Network-High-Level-Synthesis-Lenet/lenet_hls/solution1/.autopilot/db/xilinx-dataflow-lawyer.pool_layers.pp.0.cpp.out.log 2> /home/filipe/MEGA/GitHub/Neural-Network-High-Level-Synthesis-Lenet/lenet_hls/solution1/.autopilot/db/xilinx-dataflow-lawyer.pool_layers.pp.0.cpp.err.log 
Command       ap_eval done; 3.93 sec.
Execute       tidy_31 -errorcheck xilinx-constantarray-param,xilinx-resource-pragma-transformer,xilinx-xfmat-array-geometry /home/filipe/MEGA/GitHub/Neural-Network-High-Level-Synthesis-Lenet/lenet_hls/solution1/.autopilot/db/pool_layers.pp.0.cpp std=gnu++98 
Execute         ap_eval exec -ignorestderr /tools/Xilinx/Vivado/2018.3/lnx64/tools/clang-3.9-csynth/bin/tidy-3.1 -export-fixes=/home/filipe/MEGA/GitHub/Neural-Network-High-Level-Synthesis-Lenet/lenet_hls/solution1/.autopilot/db/tidy-3.1.pool_layers.pp.0.cpp.diag.yml -header-filter=.* -checks=-*,xilinx-constantarray-param,xilinx-resource-pragma-transformer,xilinx-xfmat-array-geometry -quiet -fix-errors /home/filipe/MEGA/GitHub/Neural-Network-High-Level-Synthesis-Lenet/lenet_hls/solution1/.autopilot/db/pool_layers.pp.0.cpp -- -std=gnu++98 -fhls -ferror-limit=0 > /home/filipe/MEGA/GitHub/Neural-Network-High-Level-Synthesis-Lenet/lenet_hls/solution1/.autopilot/db/tidy-3.1.pool_layers.pp.0.cpp.out.log 2> /home/filipe/MEGA/GitHub/Neural-Network-High-Level-Synthesis-Lenet/lenet_hls/solution1/.autopilot/db/tidy-3.1.pool_layers.pp.0.cpp.err.log 
Command         ap_eval done; 7.55 sec.
Execute         ap_eval exec -ignorestderr /tools/Xilinx/Vivado/2018.3/lnx64/tools/clang-3.9-csynth/bin/xilinx-legacy-rewriter /home/filipe/MEGA/GitHub/Neural-Network-High-Level-Synthesis-Lenet/lenet_hls/solution1/.autopilot/db/pool_layers.pp.0.cpp -- -std=gnu++98 -fhls -ferror-limit=0 > /home/filipe/MEGA/GitHub/Neural-Network-High-Level-Synthesis-Lenet/lenet_hls/solution1/.autopilot/db/xilinx-legacy-rewriter.pool_layers.pp.0.cpp.out.log 2> /home/filipe/MEGA/GitHub/Neural-Network-High-Level-Synthesis-Lenet/lenet_hls/solution1/.autopilot/db/xilinx-legacy-rewriter.pool_layers.pp.0.cpp.err.log 
Command         ap_eval done; 5.66 sec.
Command       tidy_31 done; 13.61 sec.
INFO-FLOW: Done: tidy-3.1 CDT preprocess time: 21.6 seconds per iteration
INFO-FLOW: Pragma Handling...
Execute       tidy_31 xilinx-ssdm-intrinsics-arguments /home/filipe/MEGA/GitHub/Neural-Network-High-Level-Synthesis-Lenet/lenet_hls/solution1/.autopilot/db/pool_layers.pragma.1.cpp std=gnu++98 
INFO-FLOW: exec /tools/Xilinx/Vivado/2018.3/lnx64/tools/clang-3.9-csynth/bin/tidy-3.1 -header-filter=.* -checks=-*,xilinx-ssdm-intrinsics-arguments -quiet -fix-errors /home/filipe/MEGA/GitHub/Neural-Network-High-Level-Synthesis-Lenet/lenet_hls/solution1/.autopilot/db/pool_layers.pragma.1.cpp -- -std=gnu++98 -fhls -ferror-limit=0
Command       tidy_31 done; 7.33 sec.
Execute       get_default_platform 
INFO-FLOW: Processing labels
Execute       clang -src /home/filipe/MEGA/GitHub/Neural-Network-High-Level-Synthesis-Lenet/lenet_hls/solution1/.autopilot/db/pool_layers.pragma.2.cpp  -fno-limit-debug-info -gcc-toolchain /tools/Xilinx/Vivado/2018.3/lnx64/tools/gcc -hls -hls-analyze-label -hls-analyze-pragma -fno-exceptions  -D__llvm__  -w  "/home/filipe/MEGA/GitHub/Neural-Network-High-Level-Synthesis-Lenet/lenet_hls/solution1/.autopilot/db/pool_layers.pragma.2.cpp"    -fno-math-errno -c -emit-llvm -O0  -mllvm -disable-llvm-optzns -fno-threadsafe-statics  -fno-use-cxa-atexit -DAESL_SYN -D__SYNTHESIS__ -D__HLS_SYN__ -I "/tools/Xilinx/Vivado/2018.3/common/technology/autopilot" -I "/tools/Xilinx/Vivado/2018.3/common/technology/autopilot/ap_sysc" -include etc/autopilot_ssdm_op.h -D__DSP48E1__ -g -o "/home/filipe/MEGA/GitHub/Neural-Network-High-Level-Synthesis-Lenet/lenet_hls/solution1/.autopilot/db/pool_layers.bc" 
INFO-FLOW: exec /tools/Xilinx/Vivado/2018.3/lnx64/tools/clang/bin/clang -fno-limit-debug-info -gcc-toolchain /tools/Xilinx/Vivado/2018.3/lnx64/tools/gcc -hls -hls-analyze-label -hls-analyze-pragma -fno-exceptions -D__llvm__ -w /home/filipe/MEGA/GitHub/Neural-Network-High-Level-Synthesis-Lenet/lenet_hls/solution1/.autopilot/db/pool_layers.pragma.2.cpp -fno-math-errno -c -emit-llvm -O0 -mllvm -disable-llvm-optzns -fno-threadsafe-statics -fno-use-cxa-atexit -DAESL_SYN -D__SYNTHESIS__ -D__HLS_SYN__ -I /tools/Xilinx/Vivado/2018.3/common/technology/autopilot -I /tools/Xilinx/Vivado/2018.3/common/technology/autopilot/ap_sysc -include etc/autopilot_ssdm_op.h -D__DSP48E1__ -g -o /home/filipe/MEGA/GitHub/Neural-Network-High-Level-Synthesis-Lenet/lenet_hls/solution1/.autopilot/db/pool_layers.bc
Command       clang done; 4.68 sec.
INFO: [HLS 200-10] Analyzing design file 'lenet_hls/lenet_hls.cpp' ... 
INFO-FLOW: Compiling one TU...
Execute       is_m_axi_addr64 
INFO-FLOW: Handling lenet_hls/lenet_hls.cpp as C++
Execute       get_default_platform 
Execute       is_encrypted lenet_hls/lenet_hls.cpp 
Execute       get_default_platform 
INFO-FLOW: Running: GCC PP
INFO-FLOW: Source preprocessing
Execute       clang  -fno-limit-debug-info -gcc-toolchain "/tools/Xilinx/Vivado/2018.3/lnx64/tools/gcc" -hls  -fno-exceptions  -D__llvm__  -E "lenet_hls/lenet_hls.cpp"     -fno-math-errno -c -emit-llvm -O0  -mllvm -disable-llvm-optzns -fno-threadsafe-statics  -fno-use-cxa-atexit  -fno-threadsafe-statics -fno-use-cxa-atexit -D__CLANG_3_1__ -DAESL_SYN -D__SYNTHESIS__ -D__HLS_SYN__ -I "/tools/Xilinx/Vivado/2018.3/common/technology/autopilot" -I "/tools/Xilinx/Vivado/2018.3/common/technology/autopilot/ap_sysc" -include etc/autopilot_ssdm_op.h -D__DSP48E1__  -o "/home/filipe/MEGA/GitHub/Neural-Network-High-Level-Synthesis-Lenet/lenet_hls/solution1/.autopilot/db/lenet_hls.pp.0.cpp" 
INFO-FLOW: exec /tools/Xilinx/Vivado/2018.3/lnx64/tools/clang/bin/clang -fno-limit-debug-info -gcc-toolchain /tools/Xilinx/Vivado/2018.3/lnx64/tools/gcc -hls -fno-exceptions -D__llvm__ -E lenet_hls/lenet_hls.cpp -fno-math-errno -c -emit-llvm -O0 -mllvm -disable-llvm-optzns -fno-threadsafe-statics -fno-use-cxa-atexit -fno-threadsafe-statics -fno-use-cxa-atexit -D__CLANG_3_1__ -DAESL_SYN -D__SYNTHESIS__ -D__HLS_SYN__ -I /tools/Xilinx/Vivado/2018.3/common/technology/autopilot -I /tools/Xilinx/Vivado/2018.3/common/technology/autopilot/ap_sysc -include etc/autopilot_ssdm_op.h -D__DSP48E1__ -o /home/filipe/MEGA/GitHub/Neural-Network-High-Level-Synthesis-Lenet/lenet_hls/solution1/.autopilot/db/lenet_hls.pp.0.cpp
Command       clang done; 1.3 sec.
Execute       tidy_31 xilinx-xfmat-array-geometry /home/filipe/MEGA/GitHub/Neural-Network-High-Level-Synthesis-Lenet/lenet_hls/solution1/.autopilot/db/lenet_hls.pp.0.cpp std=gnu++98 
INFO-FLOW: exec /tools/Xilinx/Vivado/2018.3/lnx64/tools/clang-3.9-csynth/bin/tidy-3.1 -header-filter=.* -checks=-*,xilinx-xfmat-array-geometry -quiet -fix /home/filipe/MEGA/GitHub/Neural-Network-High-Level-Synthesis-Lenet/lenet_hls/solution1/.autopilot/db/lenet_hls.pp.0.cpp -- -std=gnu++98 -fhls -ferror-limit=0
Command       tidy_31 done; 10.93 sec.
INFO-FLOW: Syntax Checking before pre-processing...
Execute       clang -syntaxcheck -src /home/filipe/MEGA/GitHub/Neural-Network-High-Level-Synthesis-Lenet/lenet_hls/solution1/.autopilot/db/lenet_hls.pp.0.cpp  -fno-limit-debug-info -gcc-toolchain "/tools/Xilinx/Vivado/2018.3/lnx64/tools/gcc" -hls    -fno-math-errno -c -emit-llvm -O0  -mllvm -disable-llvm-optzns -fno-threadsafe-statics  -fno-use-cxa-atexit  -fno-threadsafe-statics -fno-use-cxa-atexit -D__CLANG_3_1__ -DAESL_SYN -D__SYNTHESIS__ -D__HLS_SYN__ -I "/tools/Xilinx/Vivado/2018.3/common/technology/autopilot" -I "/tools/Xilinx/Vivado/2018.3/common/technology/autopilot/ap_sysc" -include etc/autopilot_ssdm_op.h -D__DSP48E1__  "/home/filipe/MEGA/GitHub/Neural-Network-High-Level-Synthesis-Lenet/lenet_hls/solution1/.autopilot/db/lenet_hls.pp.0.cpp"  -o "/home/filipe/MEGA/GitHub/Neural-Network-High-Level-Synthesis-Lenet/lenet_hls/solution1/.autopilot/db/useless.bc"  
INFO-FLOW: exec /tools/Xilinx/Vivado/2018.3/lnx64/tools/clang/bin/clang -fno-limit-debug-info -gcc-toolchain /tools/Xilinx/Vivado/2018.3/lnx64/tools/gcc -hls -fno-math-errno -c -emit-llvm -O0 -mllvm -disable-llvm-optzns -fno-threadsafe-statics -fno-use-cxa-atexit -fno-threadsafe-statics -fno-use-cxa-atexit -D__CLANG_3_1__ -DAESL_SYN -D__SYNTHESIS__ -D__HLS_SYN__ -I /tools/Xilinx/Vivado/2018.3/common/technology/autopilot -I /tools/Xilinx/Vivado/2018.3/common/technology/autopilot/ap_sysc -include etc/autopilot_ssdm_op.h -D__DSP48E1__ /home/filipe/MEGA/GitHub/Neural-Network-High-Level-Synthesis-Lenet/lenet_hls/solution1/.autopilot/db/lenet_hls.pp.0.cpp -o /home/filipe/MEGA/GitHub/Neural-Network-High-Level-Synthesis-Lenet/lenet_hls/solution1/.autopilot/db/useless.bc
WARNING: [HLS 200-40] In file included from lenet_hls/lenet_hls.cpp:1:
In file included from lenet_hls/lenet_hls.cpp:25:
lenet_hls/headers/lenet_hls.h:26:17: warning: using directive refers to implicitly-defined namespace 'std'
using namespace std;
                ^
1 warning generated.
Command       clang done; 9.63 sec.
INFO-FLOW: Done: GCC PP time: 21.8 seconds per iteration
Execute       list_core -type functional_unit 
Execute       tidy_31 xilinx-systemc-detector /home/filipe/MEGA/GitHub/Neural-Network-High-Level-Synthesis-Lenet/lenet_hls/solution1/.autopilot/db/lenet_hls.pp.0.cpp std=gnu++98 -directive=/home/filipe/MEGA/GitHub/Neural-Network-High-Level-Synthesis-Lenet/lenet_hls/solution1/.autopilot/db/.systemc_flag 
INFO-FLOW: exec /tools/Xilinx/Vivado/2018.3/lnx64/tools/clang-3.9-csynth/bin/tidy-3.1 -header-filter=.* -checks=-*,xilinx-systemc-detector -import-directive=/home/filipe/MEGA/GitHub/Neural-Network-High-Level-Synthesis-Lenet/lenet_hls/solution1/.autopilot/db/.systemc_flag -quiet -fix-errors /home/filipe/MEGA/GitHub/Neural-Network-High-Level-Synthesis-Lenet/lenet_hls/solution1/.autopilot/db/lenet_hls.pp.0.cpp -- -std=gnu++98 -fhls -ferror-limit=0
Command       tidy_31 done; 10.2 sec.
INFO-FLOW: Running: tidy-3.1 CDT preprocess
Execute       tidy_31 xilinx-directive2pragma /home/filipe/MEGA/GitHub/Neural-Network-High-Level-Synthesis-Lenet/lenet_hls/solution1/.autopilot/db/lenet_hls.pp.0.cpp std=gnu++98 -directive=/home/filipe/MEGA/GitHub/Neural-Network-High-Level-Synthesis-Lenet/lenet_hls/solution1/.autopilot/db/all.directive.json 
INFO-FLOW: exec /tools/Xilinx/Vivado/2018.3/lnx64/tools/clang-3.9-csynth/bin/tidy-3.1 -header-filter=.* -checks=-*,xilinx-directive2pragma -import-directive=/home/filipe/MEGA/GitHub/Neural-Network-High-Level-Synthesis-Lenet/lenet_hls/solution1/.autopilot/db/all.directive.json -quiet -fix-errors /home/filipe/MEGA/GitHub/Neural-Network-High-Level-Synthesis-Lenet/lenet_hls/solution1/.autopilot/db/lenet_hls.pp.0.cpp -- -std=gnu++98 -fhls -ferror-limit=0
Command       tidy_31 done; 10.39 sec.
Execute       get_config_dataflow -strict_mode 
Execute       ap_eval exec -ignorestderr /tools/Xilinx/Vivado/2018.3/lnx64/tools/clang-3.9-csynth/bin/xilinx-dataflow-lawyer -export-fixes=/home/filipe/MEGA/GitHub/Neural-Network-High-Level-Synthesis-Lenet/lenet_hls/solution1/.autopilot/db/xilinx-dataflow-lawyer.lenet_hls.pp.0.cpp.diag.yml /home/filipe/MEGA/GitHub/Neural-Network-High-Level-Synthesis-Lenet/lenet_hls/solution1/.autopilot/db/lenet_hls.pp.0.cpp -- -std=gnu++98 -fhls -ferror-limit=0 -fstrict-dataflow > /home/filipe/MEGA/GitHub/Neural-Network-High-Level-Synthesis-Lenet/lenet_hls/solution1/.autopilot/db/xilinx-dataflow-lawyer.lenet_hls.pp.0.cpp.out.log 2> /home/filipe/MEGA/GitHub/Neural-Network-High-Level-Synthesis-Lenet/lenet_hls/solution1/.autopilot/db/xilinx-dataflow-lawyer.lenet_hls.pp.0.cpp.err.log 
Command       ap_eval done; 10 sec.
WARNING: [HLS 214-111] Streams will behave like static variables inside a dataflow region: lenet_hls/lenet_hls.cpp:33:25
Execute       send_msg_by_id WARNING @200-471@%s%s 1 lenet_hls/lenet_hls.cpp 
WARNING: [HLS 200-471] Dataflow form checks found 1 issue(s) in file lenet_hls/lenet_hls.cpp
Execute       tidy_31 -errorcheck xilinx-constantarray-param,xilinx-resource-pragma-transformer,xilinx-xfmat-array-geometry /home/filipe/MEGA/GitHub/Neural-Network-High-Level-Synthesis-Lenet/lenet_hls/solution1/.autopilot/db/lenet_hls.pp.0.cpp std=gnu++98 
Execute         ap_eval exec -ignorestderr /tools/Xilinx/Vivado/2018.3/lnx64/tools/clang-3.9-csynth/bin/tidy-3.1 -export-fixes=/home/filipe/MEGA/GitHub/Neural-Network-High-Level-Synthesis-Lenet/lenet_hls/solution1/.autopilot/db/tidy-3.1.lenet_hls.pp.0.cpp.diag.yml -header-filter=.* -checks=-*,xilinx-constantarray-param,xilinx-resource-pragma-transformer,xilinx-xfmat-array-geometry -quiet -fix-errors /home/filipe/MEGA/GitHub/Neural-Network-High-Level-Synthesis-Lenet/lenet_hls/solution1/.autopilot/db/lenet_hls.pp.0.cpp -- -std=gnu++98 -fhls -ferror-limit=0 > /home/filipe/MEGA/GitHub/Neural-Network-High-Level-Synthesis-Lenet/lenet_hls/solution1/.autopilot/db/tidy-3.1.lenet_hls.pp.0.cpp.out.log 2> /home/filipe/MEGA/GitHub/Neural-Network-High-Level-Synthesis-Lenet/lenet_hls/solution1/.autopilot/db/tidy-3.1.lenet_hls.pp.0.cpp.err.log 
Command         ap_eval done; 15.26 sec.
Execute         ap_eval exec -ignorestderr /tools/Xilinx/Vivado/2018.3/lnx64/tools/clang-3.9-csynth/bin/xilinx-legacy-rewriter /home/filipe/MEGA/GitHub/Neural-Network-High-Level-Synthesis-Lenet/lenet_hls/solution1/.autopilot/db/lenet_hls.pp.0.cpp -- -std=gnu++98 -fhls -ferror-limit=0 > /home/filipe/MEGA/GitHub/Neural-Network-High-Level-Synthesis-Lenet/lenet_hls/solution1/.autopilot/db/xilinx-legacy-rewriter.lenet_hls.pp.0.cpp.out.log 2> /home/filipe/MEGA/GitHub/Neural-Network-High-Level-Synthesis-Lenet/lenet_hls/solution1/.autopilot/db/xilinx-legacy-rewriter.lenet_hls.pp.0.cpp.err.log 
Command         ap_eval done; 14.62 sec.
Command       tidy_31 done; 30.31 sec.
INFO-FLOW: Done: tidy-3.1 CDT preprocess time: 50.7 seconds per iteration
INFO-FLOW: Pragma Handling...
Execute       tidy_31 xilinx-ssdm-intrinsics-arguments /home/filipe/MEGA/GitHub/Neural-Network-High-Level-Synthesis-Lenet/lenet_hls/solution1/.autopilot/db/lenet_hls.pragma.1.cpp std=gnu++98 
INFO-FLOW: exec /tools/Xilinx/Vivado/2018.3/lnx64/tools/clang-3.9-csynth/bin/tidy-3.1 -header-filter=.* -checks=-*,xilinx-ssdm-intrinsics-arguments -quiet -fix-errors /home/filipe/MEGA/GitHub/Neural-Network-High-Level-Synthesis-Lenet/lenet_hls/solution1/.autopilot/db/lenet_hls.pragma.1.cpp -- -std=gnu++98 -fhls -ferror-limit=0
Command       tidy_31 done; 14.34 sec.
Execute       get_default_platform 
INFO-FLOW: Processing labels
Execute       clang -src /home/filipe/MEGA/GitHub/Neural-Network-High-Level-Synthesis-Lenet/lenet_hls/solution1/.autopilot/db/lenet_hls.pragma.2.cpp  -fno-limit-debug-info -gcc-toolchain /tools/Xilinx/Vivado/2018.3/lnx64/tools/gcc -hls -hls-analyze-label -hls-analyze-pragma -fno-exceptions  -D__llvm__  -w  "/home/filipe/MEGA/GitHub/Neural-Network-High-Level-Synthesis-Lenet/lenet_hls/solution1/.autopilot/db/lenet_hls.pragma.2.cpp"    -fno-math-errno -c -emit-llvm -O0  -mllvm -disable-llvm-optzns -fno-threadsafe-statics  -fno-use-cxa-atexit -DAESL_SYN -D__SYNTHESIS__ -D__HLS_SYN__ -I "/tools/Xilinx/Vivado/2018.3/common/technology/autopilot" -I "/tools/Xilinx/Vivado/2018.3/common/technology/autopilot/ap_sysc" -include etc/autopilot_ssdm_op.h -D__DSP48E1__ -g -o "/home/filipe/MEGA/GitHub/Neural-Network-High-Level-Synthesis-Lenet/lenet_hls/solution1/.autopilot/db/lenet_hls.bc" 
INFO-FLOW: exec /tools/Xilinx/Vivado/2018.3/lnx64/tools/clang/bin/clang -fno-limit-debug-info -gcc-toolchain /tools/Xilinx/Vivado/2018.3/lnx64/tools/gcc -hls -hls-analyze-label -hls-analyze-pragma -fno-exceptions -D__llvm__ -w /home/filipe/MEGA/GitHub/Neural-Network-High-Level-Synthesis-Lenet/lenet_hls/solution1/.autopilot/db/lenet_hls.pragma.2.cpp -fno-math-errno -c -emit-llvm -O0 -mllvm -disable-llvm-optzns -fno-threadsafe-statics -fno-use-cxa-atexit -DAESL_SYN -D__SYNTHESIS__ -D__HLS_SYN__ -I /tools/Xilinx/Vivado/2018.3/common/technology/autopilot -I /tools/Xilinx/Vivado/2018.3/common/technology/autopilot/ap_sysc -include etc/autopilot_ssdm_op.h -D__DSP48E1__ -g -o /home/filipe/MEGA/GitHub/Neural-Network-High-Level-Synthesis-Lenet/lenet_hls/solution1/.autopilot/db/lenet_hls.bc
Command       clang done; 10.04 sec.
INFO: [HLS 200-10] Analyzing design file 'lenet_hls/full_connected.cpp' ... 
INFO-FLOW: Compiling one TU...
Execute       is_m_axi_addr64 
INFO-FLOW: Handling lenet_hls/full_connected.cpp as C++
Execute       get_default_platform 
Execute       is_encrypted lenet_hls/full_connected.cpp 
Execute       get_default_platform 
INFO-FLOW: Running: GCC PP
INFO-FLOW: Source preprocessing
Execute       clang  -fno-limit-debug-info -gcc-toolchain "/tools/Xilinx/Vivado/2018.3/lnx64/tools/gcc" -hls  -fno-exceptions  -D__llvm__  -E "lenet_hls/full_connected.cpp"     -fno-math-errno -c -emit-llvm -O0  -mllvm -disable-llvm-optzns -fno-threadsafe-statics  -fno-use-cxa-atexit  -fno-threadsafe-statics -fno-use-cxa-atexit -D__CLANG_3_1__ -DAESL_SYN -D__SYNTHESIS__ -D__HLS_SYN__ -I "/tools/Xilinx/Vivado/2018.3/common/technology/autopilot" -I "/tools/Xilinx/Vivado/2018.3/common/technology/autopilot/ap_sysc" -include etc/autopilot_ssdm_op.h -D__DSP48E1__  -o "/home/filipe/MEGA/GitHub/Neural-Network-High-Level-Synthesis-Lenet/lenet_hls/solution1/.autopilot/db/full_connected.pp.0.cpp" 
INFO-FLOW: exec /tools/Xilinx/Vivado/2018.3/lnx64/tools/clang/bin/clang -fno-limit-debug-info -gcc-toolchain /tools/Xilinx/Vivado/2018.3/lnx64/tools/gcc -hls -fno-exceptions -D__llvm__ -E lenet_hls/full_connected.cpp -fno-math-errno -c -emit-llvm -O0 -mllvm -disable-llvm-optzns -fno-threadsafe-statics -fno-use-cxa-atexit -fno-threadsafe-statics -fno-use-cxa-atexit -D__CLANG_3_1__ -DAESL_SYN -D__SYNTHESIS__ -D__HLS_SYN__ -I /tools/Xilinx/Vivado/2018.3/common/technology/autopilot -I /tools/Xilinx/Vivado/2018.3/common/technology/autopilot/ap_sysc -include etc/autopilot_ssdm_op.h -D__DSP48E1__ -o /home/filipe/MEGA/GitHub/Neural-Network-High-Level-Synthesis-Lenet/lenet_hls/solution1/.autopilot/db/full_connected.pp.0.cpp
Command       clang done; 1.32 sec.
Execute       tidy_31 xilinx-xfmat-array-geometry /home/filipe/MEGA/GitHub/Neural-Network-High-Level-Synthesis-Lenet/lenet_hls/solution1/.autopilot/db/full_connected.pp.0.cpp std=gnu++98 
INFO-FLOW: exec /tools/Xilinx/Vivado/2018.3/lnx64/tools/clang-3.9-csynth/bin/tidy-3.1 -header-filter=.* -checks=-*,xilinx-xfmat-array-geometry -quiet -fix /home/filipe/MEGA/GitHub/Neural-Network-High-Level-Synthesis-Lenet/lenet_hls/solution1/.autopilot/db/full_connected.pp.0.cpp -- -std=gnu++98 -fhls -ferror-limit=0
Command       tidy_31 done; 4.88 sec.
INFO-FLOW: Syntax Checking before pre-processing...
Execute       clang -syntaxcheck -src /home/filipe/MEGA/GitHub/Neural-Network-High-Level-Synthesis-Lenet/lenet_hls/solution1/.autopilot/db/full_connected.pp.0.cpp  -fno-limit-debug-info -gcc-toolchain "/tools/Xilinx/Vivado/2018.3/lnx64/tools/gcc" -hls    -fno-math-errno -c -emit-llvm -O0  -mllvm -disable-llvm-optzns -fno-threadsafe-statics  -fno-use-cxa-atexit  -fno-threadsafe-statics -fno-use-cxa-atexit -D__CLANG_3_1__ -DAESL_SYN -D__SYNTHESIS__ -D__HLS_SYN__ -I "/tools/Xilinx/Vivado/2018.3/common/technology/autopilot" -I "/tools/Xilinx/Vivado/2018.3/common/technology/autopilot/ap_sysc" -include etc/autopilot_ssdm_op.h -D__DSP48E1__  "/home/filipe/MEGA/GitHub/Neural-Network-High-Level-Synthesis-Lenet/lenet_hls/solution1/.autopilot/db/full_connected.pp.0.cpp"  -o "/home/filipe/MEGA/GitHub/Neural-Network-High-Level-Synthesis-Lenet/lenet_hls/solution1/.autopilot/db/useless.bc"  
INFO-FLOW: exec /tools/Xilinx/Vivado/2018.3/lnx64/tools/clang/bin/clang -fno-limit-debug-info -gcc-toolchain /tools/Xilinx/Vivado/2018.3/lnx64/tools/gcc -hls -fno-math-errno -c -emit-llvm -O0 -mllvm -disable-llvm-optzns -fno-threadsafe-statics -fno-use-cxa-atexit -fno-threadsafe-statics -fno-use-cxa-atexit -D__CLANG_3_1__ -DAESL_SYN -D__SYNTHESIS__ -D__HLS_SYN__ -I /tools/Xilinx/Vivado/2018.3/common/technology/autopilot -I /tools/Xilinx/Vivado/2018.3/common/technology/autopilot/ap_sysc -include etc/autopilot_ssdm_op.h -D__DSP48E1__ /home/filipe/MEGA/GitHub/Neural-Network-High-Level-Synthesis-Lenet/lenet_hls/solution1/.autopilot/db/full_connected.pp.0.cpp -o /home/filipe/MEGA/GitHub/Neural-Network-High-Level-Synthesis-Lenet/lenet_hls/solution1/.autopilot/db/useless.bc
Command       clang done; 4.43 sec.
INFO-FLOW: Done: GCC PP time: 10.6 seconds per iteration
Execute       list_core -type functional_unit 
Execute       tidy_31 xilinx-systemc-detector /home/filipe/MEGA/GitHub/Neural-Network-High-Level-Synthesis-Lenet/lenet_hls/solution1/.autopilot/db/full_connected.pp.0.cpp std=gnu++98 -directive=/home/filipe/MEGA/GitHub/Neural-Network-High-Level-Synthesis-Lenet/lenet_hls/solution1/.autopilot/db/.systemc_flag 
INFO-FLOW: exec /tools/Xilinx/Vivado/2018.3/lnx64/tools/clang-3.9-csynth/bin/tidy-3.1 -header-filter=.* -checks=-*,xilinx-systemc-detector -import-directive=/home/filipe/MEGA/GitHub/Neural-Network-High-Level-Synthesis-Lenet/lenet_hls/solution1/.autopilot/db/.systemc_flag -quiet -fix-errors /home/filipe/MEGA/GitHub/Neural-Network-High-Level-Synthesis-Lenet/lenet_hls/solution1/.autopilot/db/full_connected.pp.0.cpp -- -std=gnu++98 -fhls -ferror-limit=0
Command       tidy_31 done; 4.27 sec.
INFO-FLOW: Running: tidy-3.1 CDT preprocess
Execute       tidy_31 xilinx-directive2pragma /home/filipe/MEGA/GitHub/Neural-Network-High-Level-Synthesis-Lenet/lenet_hls/solution1/.autopilot/db/full_connected.pp.0.cpp std=gnu++98 -directive=/home/filipe/MEGA/GitHub/Neural-Network-High-Level-Synthesis-Lenet/lenet_hls/solution1/.autopilot/db/all.directive.json 
INFO-FLOW: exec /tools/Xilinx/Vivado/2018.3/lnx64/tools/clang-3.9-csynth/bin/tidy-3.1 -header-filter=.* -checks=-*,xilinx-directive2pragma -import-directive=/home/filipe/MEGA/GitHub/Neural-Network-High-Level-Synthesis-Lenet/lenet_hls/solution1/.autopilot/db/all.directive.json -quiet -fix-errors /home/filipe/MEGA/GitHub/Neural-Network-High-Level-Synthesis-Lenet/lenet_hls/solution1/.autopilot/db/full_connected.pp.0.cpp -- -std=gnu++98 -fhls -ferror-limit=0
Command       tidy_31 done; 4.2 sec.
Execute       get_config_dataflow -strict_mode 
Execute       ap_eval exec -ignorestderr /tools/Xilinx/Vivado/2018.3/lnx64/tools/clang-3.9-csynth/bin/xilinx-dataflow-lawyer -export-fixes=/home/filipe/MEGA/GitHub/Neural-Network-High-Level-Synthesis-Lenet/lenet_hls/solution1/.autopilot/db/xilinx-dataflow-lawyer.full_connected.pp.0.cpp.diag.yml /home/filipe/MEGA/GitHub/Neural-Network-High-Level-Synthesis-Lenet/lenet_hls/solution1/.autopilot/db/full_connected.pp.0.cpp -- -std=gnu++98 -fhls -ferror-limit=0 -fstrict-dataflow > /home/filipe/MEGA/GitHub/Neural-Network-High-Level-Synthesis-Lenet/lenet_hls/solution1/.autopilot/db/xilinx-dataflow-lawyer.full_connected.pp.0.cpp.out.log 2> /home/filipe/MEGA/GitHub/Neural-Network-High-Level-Synthesis-Lenet/lenet_hls/solution1/.autopilot/db/xilinx-dataflow-lawyer.full_connected.pp.0.cpp.err.log 
Command       ap_eval done; 4 sec.
Execute       tidy_31 -errorcheck xilinx-constantarray-param,xilinx-resource-pragma-transformer,xilinx-xfmat-array-geometry /home/filipe/MEGA/GitHub/Neural-Network-High-Level-Synthesis-Lenet/lenet_hls/solution1/.autopilot/db/full_connected.pp.0.cpp std=gnu++98 
Execute         ap_eval exec -ignorestderr /tools/Xilinx/Vivado/2018.3/lnx64/tools/clang-3.9-csynth/bin/tidy-3.1 -export-fixes=/home/filipe/MEGA/GitHub/Neural-Network-High-Level-Synthesis-Lenet/lenet_hls/solution1/.autopilot/db/tidy-3.1.full_connected.pp.0.cpp.diag.yml -header-filter=.* -checks=-*,xilinx-constantarray-param,xilinx-resource-pragma-transformer,xilinx-xfmat-array-geometry -quiet -fix-errors /home/filipe/MEGA/GitHub/Neural-Network-High-Level-Synthesis-Lenet/lenet_hls/solution1/.autopilot/db/full_connected.pp.0.cpp -- -std=gnu++98 -fhls -ferror-limit=0 > /home/filipe/MEGA/GitHub/Neural-Network-High-Level-Synthesis-Lenet/lenet_hls/solution1/.autopilot/db/tidy-3.1.full_connected.pp.0.cpp.out.log 2> /home/filipe/MEGA/GitHub/Neural-Network-High-Level-Synthesis-Lenet/lenet_hls/solution1/.autopilot/db/tidy-3.1.full_connected.pp.0.cpp.err.log 
Command         ap_eval done; 7.48 sec.
Execute         ap_eval exec -ignorestderr /tools/Xilinx/Vivado/2018.3/lnx64/tools/clang-3.9-csynth/bin/xilinx-legacy-rewriter /home/filipe/MEGA/GitHub/Neural-Network-High-Level-Synthesis-Lenet/lenet_hls/solution1/.autopilot/db/full_connected.pp.0.cpp -- -std=gnu++98 -fhls -ferror-limit=0 > /home/filipe/MEGA/GitHub/Neural-Network-High-Level-Synthesis-Lenet/lenet_hls/solution1/.autopilot/db/xilinx-legacy-rewriter.full_connected.pp.0.cpp.out.log 2> /home/filipe/MEGA/GitHub/Neural-Network-High-Level-Synthesis-Lenet/lenet_hls/solution1/.autopilot/db/xilinx-legacy-rewriter.full_connected.pp.0.cpp.err.log 
Command         ap_eval done; 5.88 sec.
Command       tidy_31 done; 13.82 sec.
INFO-FLOW: Done: tidy-3.1 CDT preprocess time: 22 seconds per iteration
INFO-FLOW: Pragma Handling...
Execute       tidy_31 xilinx-ssdm-intrinsics-arguments /home/filipe/MEGA/GitHub/Neural-Network-High-Level-Synthesis-Lenet/lenet_hls/solution1/.autopilot/db/full_connected.pragma.1.cpp std=gnu++98 
INFO-FLOW: exec /tools/Xilinx/Vivado/2018.3/lnx64/tools/clang-3.9-csynth/bin/tidy-3.1 -header-filter=.* -checks=-*,xilinx-ssdm-intrinsics-arguments -quiet -fix-errors /home/filipe/MEGA/GitHub/Neural-Network-High-Level-Synthesis-Lenet/lenet_hls/solution1/.autopilot/db/full_connected.pragma.1.cpp -- -std=gnu++98 -fhls -ferror-limit=0
Command       tidy_31 done; 7.3 sec.
Execute       get_default_platform 
INFO-FLOW: Processing labels
Execute       clang -src /home/filipe/MEGA/GitHub/Neural-Network-High-Level-Synthesis-Lenet/lenet_hls/solution1/.autopilot/db/full_connected.pragma.2.cpp  -fno-limit-debug-info -gcc-toolchain /tools/Xilinx/Vivado/2018.3/lnx64/tools/gcc -hls -hls-analyze-label -hls-analyze-pragma -fno-exceptions  -D__llvm__  -w  "/home/filipe/MEGA/GitHub/Neural-Network-High-Level-Synthesis-Lenet/lenet_hls/solution1/.autopilot/db/full_connected.pragma.2.cpp"    -fno-math-errno -c -emit-llvm -O0  -mllvm -disable-llvm-optzns -fno-threadsafe-statics  -fno-use-cxa-atexit -DAESL_SYN -D__SYNTHESIS__ -D__HLS_SYN__ -I "/tools/Xilinx/Vivado/2018.3/common/technology/autopilot" -I "/tools/Xilinx/Vivado/2018.3/common/technology/autopilot/ap_sysc" -include etc/autopilot_ssdm_op.h -D__DSP48E1__ -g -o "/home/filipe/MEGA/GitHub/Neural-Network-High-Level-Synthesis-Lenet/lenet_hls/solution1/.autopilot/db/full_connected.bc" 
INFO-FLOW: exec /tools/Xilinx/Vivado/2018.3/lnx64/tools/clang/bin/clang -fno-limit-debug-info -gcc-toolchain /tools/Xilinx/Vivado/2018.3/lnx64/tools/gcc -hls -hls-analyze-label -hls-analyze-pragma -fno-exceptions -D__llvm__ -w /home/filipe/MEGA/GitHub/Neural-Network-High-Level-Synthesis-Lenet/lenet_hls/solution1/.autopilot/db/full_connected.pragma.2.cpp -fno-math-errno -c -emit-llvm -O0 -mllvm -disable-llvm-optzns -fno-threadsafe-statics -fno-use-cxa-atexit -DAESL_SYN -D__SYNTHESIS__ -D__HLS_SYN__ -I /tools/Xilinx/Vivado/2018.3/common/technology/autopilot -I /tools/Xilinx/Vivado/2018.3/common/technology/autopilot/ap_sysc -include etc/autopilot_ssdm_op.h -D__DSP48E1__ -g -o /home/filipe/MEGA/GitHub/Neural-Network-High-Level-Synthesis-Lenet/lenet_hls/solution1/.autopilot/db/full_connected.bc
Command       clang done; 4.61 sec.
INFO: [HLS 200-10] Analyzing design file 'lenet_hls/conv_layers.cpp' ... 
INFO-FLOW: Compiling one TU...
Execute       is_m_axi_addr64 
INFO-FLOW: Handling lenet_hls/conv_layers.cpp as C++
Execute       get_default_platform 
Execute       is_encrypted lenet_hls/conv_layers.cpp 
Execute       get_default_platform 
INFO-FLOW: Running: GCC PP
INFO-FLOW: Source preprocessing
Execute       clang  -fno-limit-debug-info -gcc-toolchain "/tools/Xilinx/Vivado/2018.3/lnx64/tools/gcc" -hls  -fno-exceptions  -D__llvm__  -E "lenet_hls/conv_layers.cpp"     -fno-math-errno -c -emit-llvm -O0  -mllvm -disable-llvm-optzns -fno-threadsafe-statics  -fno-use-cxa-atexit  -fno-threadsafe-statics -fno-use-cxa-atexit -D__CLANG_3_1__ -DAESL_SYN -D__SYNTHESIS__ -D__HLS_SYN__ -I "/tools/Xilinx/Vivado/2018.3/common/technology/autopilot" -I "/tools/Xilinx/Vivado/2018.3/common/technology/autopilot/ap_sysc" -include etc/autopilot_ssdm_op.h -D__DSP48E1__  -o "/home/filipe/MEGA/GitHub/Neural-Network-High-Level-Synthesis-Lenet/lenet_hls/solution1/.autopilot/db/conv_layers.pp.0.cpp" 
INFO-FLOW: exec /tools/Xilinx/Vivado/2018.3/lnx64/tools/clang/bin/clang -fno-limit-debug-info -gcc-toolchain /tools/Xilinx/Vivado/2018.3/lnx64/tools/gcc -hls -fno-exceptions -D__llvm__ -E lenet_hls/conv_layers.cpp -fno-math-errno -c -emit-llvm -O0 -mllvm -disable-llvm-optzns -fno-threadsafe-statics -fno-use-cxa-atexit -fno-threadsafe-statics -fno-use-cxa-atexit -D__CLANG_3_1__ -DAESL_SYN -D__SYNTHESIS__ -D__HLS_SYN__ -I /tools/Xilinx/Vivado/2018.3/common/technology/autopilot -I /tools/Xilinx/Vivado/2018.3/common/technology/autopilot/ap_sysc -include etc/autopilot_ssdm_op.h -D__DSP48E1__ -o /home/filipe/MEGA/GitHub/Neural-Network-High-Level-Synthesis-Lenet/lenet_hls/solution1/.autopilot/db/conv_layers.pp.0.cpp
Command       clang done; 1.29 sec.
Execute       tidy_31 xilinx-xfmat-array-geometry /home/filipe/MEGA/GitHub/Neural-Network-High-Level-Synthesis-Lenet/lenet_hls/solution1/.autopilot/db/conv_layers.pp.0.cpp std=gnu++98 
INFO-FLOW: exec /tools/Xilinx/Vivado/2018.3/lnx64/tools/clang-3.9-csynth/bin/tidy-3.1 -header-filter=.* -checks=-*,xilinx-xfmat-array-geometry -quiet -fix /home/filipe/MEGA/GitHub/Neural-Network-High-Level-Synthesis-Lenet/lenet_hls/solution1/.autopilot/db/conv_layers.pp.0.cpp -- -std=gnu++98 -fhls -ferror-limit=0
Command       tidy_31 done; 4.81 sec.
INFO-FLOW: Syntax Checking before pre-processing...
Execute       clang -syntaxcheck -src /home/filipe/MEGA/GitHub/Neural-Network-High-Level-Synthesis-Lenet/lenet_hls/solution1/.autopilot/db/conv_layers.pp.0.cpp  -fno-limit-debug-info -gcc-toolchain "/tools/Xilinx/Vivado/2018.3/lnx64/tools/gcc" -hls    -fno-math-errno -c -emit-llvm -O0  -mllvm -disable-llvm-optzns -fno-threadsafe-statics  -fno-use-cxa-atexit  -fno-threadsafe-statics -fno-use-cxa-atexit -D__CLANG_3_1__ -DAESL_SYN -D__SYNTHESIS__ -D__HLS_SYN__ -I "/tools/Xilinx/Vivado/2018.3/common/technology/autopilot" -I "/tools/Xilinx/Vivado/2018.3/common/technology/autopilot/ap_sysc" -include etc/autopilot_ssdm_op.h -D__DSP48E1__  "/home/filipe/MEGA/GitHub/Neural-Network-High-Level-Synthesis-Lenet/lenet_hls/solution1/.autopilot/db/conv_layers.pp.0.cpp"  -o "/home/filipe/MEGA/GitHub/Neural-Network-High-Level-Synthesis-Lenet/lenet_hls/solution1/.autopilot/db/useless.bc"  
INFO-FLOW: exec /tools/Xilinx/Vivado/2018.3/lnx64/tools/clang/bin/clang -fno-limit-debug-info -gcc-toolchain /tools/Xilinx/Vivado/2018.3/lnx64/tools/gcc -hls -fno-math-errno -c -emit-llvm -O0 -mllvm -disable-llvm-optzns -fno-threadsafe-statics -fno-use-cxa-atexit -fno-threadsafe-statics -fno-use-cxa-atexit -D__CLANG_3_1__ -DAESL_SYN -D__SYNTHESIS__ -D__HLS_SYN__ -I /tools/Xilinx/Vivado/2018.3/common/technology/autopilot -I /tools/Xilinx/Vivado/2018.3/common/technology/autopilot/ap_sysc -include etc/autopilot_ssdm_op.h -D__DSP48E1__ /home/filipe/MEGA/GitHub/Neural-Network-High-Level-Synthesis-Lenet/lenet_hls/solution1/.autopilot/db/conv_layers.pp.0.cpp -o /home/filipe/MEGA/GitHub/Neural-Network-High-Level-Synthesis-Lenet/lenet_hls/solution1/.autopilot/db/useless.bc
Command       clang done; 4.19 sec.
INFO-FLOW: Done: GCC PP time: 10.3 seconds per iteration
Execute       list_core -type functional_unit 
Execute       tidy_31 xilinx-systemc-detector /home/filipe/MEGA/GitHub/Neural-Network-High-Level-Synthesis-Lenet/lenet_hls/solution1/.autopilot/db/conv_layers.pp.0.cpp std=gnu++98 -directive=/home/filipe/MEGA/GitHub/Neural-Network-High-Level-Synthesis-Lenet/lenet_hls/solution1/.autopilot/db/.systemc_flag 
INFO-FLOW: exec /tools/Xilinx/Vivado/2018.3/lnx64/tools/clang-3.9-csynth/bin/tidy-3.1 -header-filter=.* -checks=-*,xilinx-systemc-detector -import-directive=/home/filipe/MEGA/GitHub/Neural-Network-High-Level-Synthesis-Lenet/lenet_hls/solution1/.autopilot/db/.systemc_flag -quiet -fix-errors /home/filipe/MEGA/GitHub/Neural-Network-High-Level-Synthesis-Lenet/lenet_hls/solution1/.autopilot/db/conv_layers.pp.0.cpp -- -std=gnu++98 -fhls -ferror-limit=0
Command       tidy_31 done; 4.01 sec.
INFO-FLOW: Running: tidy-3.1 CDT preprocess
Execute       tidy_31 xilinx-directive2pragma /home/filipe/MEGA/GitHub/Neural-Network-High-Level-Synthesis-Lenet/lenet_hls/solution1/.autopilot/db/conv_layers.pp.0.cpp std=gnu++98 -directive=/home/filipe/MEGA/GitHub/Neural-Network-High-Level-Synthesis-Lenet/lenet_hls/solution1/.autopilot/db/all.directive.json 
INFO-FLOW: exec /tools/Xilinx/Vivado/2018.3/lnx64/tools/clang-3.9-csynth/bin/tidy-3.1 -header-filter=.* -checks=-*,xilinx-directive2pragma -import-directive=/home/filipe/MEGA/GitHub/Neural-Network-High-Level-Synthesis-Lenet/lenet_hls/solution1/.autopilot/db/all.directive.json -quiet -fix-errors /home/filipe/MEGA/GitHub/Neural-Network-High-Level-Synthesis-Lenet/lenet_hls/solution1/.autopilot/db/conv_layers.pp.0.cpp -- -std=gnu++98 -fhls -ferror-limit=0
Command       tidy_31 done; 4.39 sec.
Execute       get_config_dataflow -strict_mode 
Execute       ap_eval exec -ignorestderr /tools/Xilinx/Vivado/2018.3/lnx64/tools/clang-3.9-csynth/bin/xilinx-dataflow-lawyer -export-fixes=/home/filipe/MEGA/GitHub/Neural-Network-High-Level-Synthesis-Lenet/lenet_hls/solution1/.autopilot/db/xilinx-dataflow-lawyer.conv_layers.pp.0.cpp.diag.yml /home/filipe/MEGA/GitHub/Neural-Network-High-Level-Synthesis-Lenet/lenet_hls/solution1/.autopilot/db/conv_layers.pp.0.cpp -- -std=gnu++98 -fhls -ferror-limit=0 -fstrict-dataflow > /home/filipe/MEGA/GitHub/Neural-Network-High-Level-Synthesis-Lenet/lenet_hls/solution1/.autopilot/db/xilinx-dataflow-lawyer.conv_layers.pp.0.cpp.out.log 2> /home/filipe/MEGA/GitHub/Neural-Network-High-Level-Synthesis-Lenet/lenet_hls/solution1/.autopilot/db/xilinx-dataflow-lawyer.conv_layers.pp.0.cpp.err.log 
Command       ap_eval done; 4.34 sec.
Execute       tidy_31 -errorcheck xilinx-constantarray-param,xilinx-resource-pragma-transformer,xilinx-xfmat-array-geometry /home/filipe/MEGA/GitHub/Neural-Network-High-Level-Synthesis-Lenet/lenet_hls/solution1/.autopilot/db/conv_layers.pp.0.cpp std=gnu++98 
Execute         ap_eval exec -ignorestderr /tools/Xilinx/Vivado/2018.3/lnx64/tools/clang-3.9-csynth/bin/tidy-3.1 -export-fixes=/home/filipe/MEGA/GitHub/Neural-Network-High-Level-Synthesis-Lenet/lenet_hls/solution1/.autopilot/db/tidy-3.1.conv_layers.pp.0.cpp.diag.yml -header-filter=.* -checks=-*,xilinx-constantarray-param,xilinx-resource-pragma-transformer,xilinx-xfmat-array-geometry -quiet -fix-errors /home/filipe/MEGA/GitHub/Neural-Network-High-Level-Synthesis-Lenet/lenet_hls/solution1/.autopilot/db/conv_layers.pp.0.cpp -- -std=gnu++98 -fhls -ferror-limit=0 > /home/filipe/MEGA/GitHub/Neural-Network-High-Level-Synthesis-Lenet/lenet_hls/solution1/.autopilot/db/tidy-3.1.conv_layers.pp.0.cpp.out.log 2> /home/filipe/MEGA/GitHub/Neural-Network-High-Level-Synthesis-Lenet/lenet_hls/solution1/.autopilot/db/tidy-3.1.conv_layers.pp.0.cpp.err.log 
Command         ap_eval done; 7.91 sec.
Execute         ap_eval exec -ignorestderr /tools/Xilinx/Vivado/2018.3/lnx64/tools/clang-3.9-csynth/bin/xilinx-legacy-rewriter /home/filipe/MEGA/GitHub/Neural-Network-High-Level-Synthesis-Lenet/lenet_hls/solution1/.autopilot/db/conv_layers.pp.0.cpp -- -std=gnu++98 -fhls -ferror-limit=0 > /home/filipe/MEGA/GitHub/Neural-Network-High-Level-Synthesis-Lenet/lenet_hls/solution1/.autopilot/db/xilinx-legacy-rewriter.conv_layers.pp.0.cpp.out.log 2> /home/filipe/MEGA/GitHub/Neural-Network-High-Level-Synthesis-Lenet/lenet_hls/solution1/.autopilot/db/xilinx-legacy-rewriter.conv_layers.pp.0.cpp.err.log 
Command         ap_eval done; 6.13 sec.
Command       tidy_31 done; 14.46 sec.
INFO-FLOW: Done: tidy-3.1 CDT preprocess time: 23.2 seconds per iteration
INFO-FLOW: Pragma Handling...
Execute       tidy_31 xilinx-ssdm-intrinsics-arguments /home/filipe/MEGA/GitHub/Neural-Network-High-Level-Synthesis-Lenet/lenet_hls/solution1/.autopilot/db/conv_layers.pragma.1.cpp std=gnu++98 
INFO-FLOW: exec /tools/Xilinx/Vivado/2018.3/lnx64/tools/clang-3.9-csynth/bin/tidy-3.1 -header-filter=.* -checks=-*,xilinx-ssdm-intrinsics-arguments -quiet -fix-errors /home/filipe/MEGA/GitHub/Neural-Network-High-Level-Synthesis-Lenet/lenet_hls/solution1/.autopilot/db/conv_layers.pragma.1.cpp -- -std=gnu++98 -fhls -ferror-limit=0
Command       tidy_31 done; 6.82 sec.
Execute       get_default_platform 
INFO-FLOW: Processing labels
Execute       clang -src /home/filipe/MEGA/GitHub/Neural-Network-High-Level-Synthesis-Lenet/lenet_hls/solution1/.autopilot/db/conv_layers.pragma.2.cpp  -fno-limit-debug-info -gcc-toolchain /tools/Xilinx/Vivado/2018.3/lnx64/tools/gcc -hls -hls-analyze-label -hls-analyze-pragma -fno-exceptions  -D__llvm__  -w  "/home/filipe/MEGA/GitHub/Neural-Network-High-Level-Synthesis-Lenet/lenet_hls/solution1/.autopilot/db/conv_layers.pragma.2.cpp"    -fno-math-errno -c -emit-llvm -O0  -mllvm -disable-llvm-optzns -fno-threadsafe-statics  -fno-use-cxa-atexit -DAESL_SYN -D__SYNTHESIS__ -D__HLS_SYN__ -I "/tools/Xilinx/Vivado/2018.3/common/technology/autopilot" -I "/tools/Xilinx/Vivado/2018.3/common/technology/autopilot/ap_sysc" -include etc/autopilot_ssdm_op.h -D__DSP48E1__ -g -o "/home/filipe/MEGA/GitHub/Neural-Network-High-Level-Synthesis-Lenet/lenet_hls/solution1/.autopilot/db/conv_layers.bc" 
INFO-FLOW: exec /tools/Xilinx/Vivado/2018.3/lnx64/tools/clang/bin/clang -fno-limit-debug-info -gcc-toolchain /tools/Xilinx/Vivado/2018.3/lnx64/tools/gcc -hls -hls-analyze-label -hls-analyze-pragma -fno-exceptions -D__llvm__ -w /home/filipe/MEGA/GitHub/Neural-Network-High-Level-Synthesis-Lenet/lenet_hls/solution1/.autopilot/db/conv_layers.pragma.2.cpp -fno-math-errno -c -emit-llvm -O0 -mllvm -disable-llvm-optzns -fno-threadsafe-statics -fno-use-cxa-atexit -DAESL_SYN -D__SYNTHESIS__ -D__HLS_SYN__ -I /tools/Xilinx/Vivado/2018.3/common/technology/autopilot -I /tools/Xilinx/Vivado/2018.3/common/technology/autopilot/ap_sysc -include etc/autopilot_ssdm_op.h -D__DSP48E1__ -g -o /home/filipe/MEGA/GitHub/Neural-Network-High-Level-Synthesis-Lenet/lenet_hls/solution1/.autopilot/db/conv_layers.bc
Command       clang done; 4.48 sec.
INFO: [HLS 200-10] Analyzing design file 'lenet_hls/activations.cpp' ... 
INFO-FLOW: Compiling one TU...
Execute       is_m_axi_addr64 
INFO-FLOW: Handling lenet_hls/activations.cpp as C++
Execute       get_default_platform 
Execute       is_encrypted lenet_hls/activations.cpp 
Execute       get_default_platform 
INFO-FLOW: Running: GCC PP
INFO-FLOW: Source preprocessing
Execute       clang  -fno-limit-debug-info -gcc-toolchain "/tools/Xilinx/Vivado/2018.3/lnx64/tools/gcc" -hls  -fno-exceptions  -D__llvm__  -E "lenet_hls/activations.cpp"     -fno-math-errno -c -emit-llvm -O0  -mllvm -disable-llvm-optzns -fno-threadsafe-statics  -fno-use-cxa-atexit  -fno-threadsafe-statics -fno-use-cxa-atexit -D__CLANG_3_1__ -DAESL_SYN -D__SYNTHESIS__ -D__HLS_SYN__ -I "/tools/Xilinx/Vivado/2018.3/common/technology/autopilot" -I "/tools/Xilinx/Vivado/2018.3/common/technology/autopilot/ap_sysc" -include etc/autopilot_ssdm_op.h -D__DSP48E1__  -o "/home/filipe/MEGA/GitHub/Neural-Network-High-Level-Synthesis-Lenet/lenet_hls/solution1/.autopilot/db/activations.pp.0.cpp" 
INFO-FLOW: exec /tools/Xilinx/Vivado/2018.3/lnx64/tools/clang/bin/clang -fno-limit-debug-info -gcc-toolchain /tools/Xilinx/Vivado/2018.3/lnx64/tools/gcc -hls -fno-exceptions -D__llvm__ -E lenet_hls/activations.cpp -fno-math-errno -c -emit-llvm -O0 -mllvm -disable-llvm-optzns -fno-threadsafe-statics -fno-use-cxa-atexit -fno-threadsafe-statics -fno-use-cxa-atexit -D__CLANG_3_1__ -DAESL_SYN -D__SYNTHESIS__ -D__HLS_SYN__ -I /tools/Xilinx/Vivado/2018.3/common/technology/autopilot -I /tools/Xilinx/Vivado/2018.3/common/technology/autopilot/ap_sysc -include etc/autopilot_ssdm_op.h -D__DSP48E1__ -o /home/filipe/MEGA/GitHub/Neural-Network-High-Level-Synthesis-Lenet/lenet_hls/solution1/.autopilot/db/activations.pp.0.cpp
Command       clang done; 1.31 sec.
Execute       tidy_31 xilinx-xfmat-array-geometry /home/filipe/MEGA/GitHub/Neural-Network-High-Level-Synthesis-Lenet/lenet_hls/solution1/.autopilot/db/activations.pp.0.cpp std=gnu++98 
INFO-FLOW: exec /tools/Xilinx/Vivado/2018.3/lnx64/tools/clang-3.9-csynth/bin/tidy-3.1 -header-filter=.* -checks=-*,xilinx-xfmat-array-geometry -quiet -fix /home/filipe/MEGA/GitHub/Neural-Network-High-Level-Synthesis-Lenet/lenet_hls/solution1/.autopilot/db/activations.pp.0.cpp -- -std=gnu++98 -fhls -ferror-limit=0
INFO-FLOW: Syntax Checking before pre-processing...
Execute       clang -syntaxcheck -src /home/filipe/MEGA/GitHub/Neural-Network-High-Level-Synthesis-Lenet/lenet_hls/solution1/.autopilot/db/activations.pp.0.cpp  -fno-limit-debug-info -gcc-toolchain "/tools/Xilinx/Vivado/2018.3/lnx64/tools/gcc" -hls    -fno-math-errno -c -emit-llvm -O0  -mllvm -disable-llvm-optzns -fno-threadsafe-statics  -fno-use-cxa-atexit  -fno-threadsafe-statics -fno-use-cxa-atexit -D__CLANG_3_1__ -DAESL_SYN -D__SYNTHESIS__ -D__HLS_SYN__ -I "/tools/Xilinx/Vivado/2018.3/common/technology/autopilot" -I "/tools/Xilinx/Vivado/2018.3/common/technology/autopilot/ap_sysc" -include etc/autopilot_ssdm_op.h -D__DSP48E1__  "/home/filipe/MEGA/GitHub/Neural-Network-High-Level-Synthesis-Lenet/lenet_hls/solution1/.autopilot/db/activations.pp.0.cpp"  -o "/home/filipe/MEGA/GitHub/Neural-Network-High-Level-Synthesis-Lenet/lenet_hls/solution1/.autopilot/db/useless.bc"  
INFO-FLOW: exec /tools/Xilinx/Vivado/2018.3/lnx64/tools/clang/bin/clang -fno-limit-debug-info -gcc-toolchain /tools/Xilinx/Vivado/2018.3/lnx64/tools/gcc -hls -fno-math-errno -c -emit-llvm -O0 -mllvm -disable-llvm-optzns -fno-threadsafe-statics -fno-use-cxa-atexit -fno-threadsafe-statics -fno-use-cxa-atexit -D__CLANG_3_1__ -DAESL_SYN -D__SYNTHESIS__ -D__HLS_SYN__ -I /tools/Xilinx/Vivado/2018.3/common/technology/autopilot -I /tools/Xilinx/Vivado/2018.3/common/technology/autopilot/ap_sysc -include etc/autopilot_ssdm_op.h -D__DSP48E1__ /home/filipe/MEGA/GitHub/Neural-Network-High-Level-Synthesis-Lenet/lenet_hls/solution1/.autopilot/db/activations.pp.0.cpp -o /home/filipe/MEGA/GitHub/Neural-Network-High-Level-Synthesis-Lenet/lenet_hls/solution1/.autopilot/db/useless.bc
Command       clang done; 1.32 sec.
INFO-FLOW: Done: GCC PP time: 2.6 seconds per iteration
Execute       list_core -type functional_unit 
Execute       tidy_31 xilinx-systemc-detector /home/filipe/MEGA/GitHub/Neural-Network-High-Level-Synthesis-Lenet/lenet_hls/solution1/.autopilot/db/activations.pp.0.cpp std=gnu++98 -directive=/home/filipe/MEGA/GitHub/Neural-Network-High-Level-Synthesis-Lenet/lenet_hls/solution1/.autopilot/db/.systemc_flag 
INFO-FLOW: exec /tools/Xilinx/Vivado/2018.3/lnx64/tools/clang-3.9-csynth/bin/tidy-3.1 -header-filter=.* -checks=-*,xilinx-systemc-detector -import-directive=/home/filipe/MEGA/GitHub/Neural-Network-High-Level-Synthesis-Lenet/lenet_hls/solution1/.autopilot/db/.systemc_flag -quiet -fix-errors /home/filipe/MEGA/GitHub/Neural-Network-High-Level-Synthesis-Lenet/lenet_hls/solution1/.autopilot/db/activations.pp.0.cpp -- -std=gnu++98 -fhls -ferror-limit=0
INFO-FLOW: Running: tidy-3.1 CDT preprocess
Execute       tidy_31 xilinx-directive2pragma /home/filipe/MEGA/GitHub/Neural-Network-High-Level-Synthesis-Lenet/lenet_hls/solution1/.autopilot/db/activations.pp.0.cpp std=gnu++98 -directive=/home/filipe/MEGA/GitHub/Neural-Network-High-Level-Synthesis-Lenet/lenet_hls/solution1/.autopilot/db/all.directive.json 
INFO-FLOW: exec /tools/Xilinx/Vivado/2018.3/lnx64/tools/clang-3.9-csynth/bin/tidy-3.1 -header-filter=.* -checks=-*,xilinx-directive2pragma -import-directive=/home/filipe/MEGA/GitHub/Neural-Network-High-Level-Synthesis-Lenet/lenet_hls/solution1/.autopilot/db/all.directive.json -quiet -fix-errors /home/filipe/MEGA/GitHub/Neural-Network-High-Level-Synthesis-Lenet/lenet_hls/solution1/.autopilot/db/activations.pp.0.cpp -- -std=gnu++98 -fhls -ferror-limit=0
Execute       get_config_dataflow -strict_mode 
Execute       ap_eval exec -ignorestderr /tools/Xilinx/Vivado/2018.3/lnx64/tools/clang-3.9-csynth/bin/xilinx-dataflow-lawyer -export-fixes=/home/filipe/MEGA/GitHub/Neural-Network-High-Level-Synthesis-Lenet/lenet_hls/solution1/.autopilot/db/xilinx-dataflow-lawyer.activations.pp.0.cpp.diag.yml /home/filipe/MEGA/GitHub/Neural-Network-High-Level-Synthesis-Lenet/lenet_hls/solution1/.autopilot/db/activations.pp.0.cpp -- -std=gnu++98 -fhls -ferror-limit=0 -fstrict-dataflow > /home/filipe/MEGA/GitHub/Neural-Network-High-Level-Synthesis-Lenet/lenet_hls/solution1/.autopilot/db/xilinx-dataflow-lawyer.activations.pp.0.cpp.out.log 2> /home/filipe/MEGA/GitHub/Neural-Network-High-Level-Synthesis-Lenet/lenet_hls/solution1/.autopilot/db/xilinx-dataflow-lawyer.activations.pp.0.cpp.err.log 
Execute       tidy_31 -errorcheck xilinx-constantarray-param,xilinx-resource-pragma-transformer,xilinx-xfmat-array-geometry /home/filipe/MEGA/GitHub/Neural-Network-High-Level-Synthesis-Lenet/lenet_hls/solution1/.autopilot/db/activations.pp.0.cpp std=gnu++98 
Execute         ap_eval exec -ignorestderr /tools/Xilinx/Vivado/2018.3/lnx64/tools/clang-3.9-csynth/bin/tidy-3.1 -export-fixes=/home/filipe/MEGA/GitHub/Neural-Network-High-Level-Synthesis-Lenet/lenet_hls/solution1/.autopilot/db/tidy-3.1.activations.pp.0.cpp.diag.yml -header-filter=.* -checks=-*,xilinx-constantarray-param,xilinx-resource-pragma-transformer,xilinx-xfmat-array-geometry -quiet -fix-errors /home/filipe/MEGA/GitHub/Neural-Network-High-Level-Synthesis-Lenet/lenet_hls/solution1/.autopilot/db/activations.pp.0.cpp -- -std=gnu++98 -fhls -ferror-limit=0 > /home/filipe/MEGA/GitHub/Neural-Network-High-Level-Synthesis-Lenet/lenet_hls/solution1/.autopilot/db/tidy-3.1.activations.pp.0.cpp.out.log 2> /home/filipe/MEGA/GitHub/Neural-Network-High-Level-Synthesis-Lenet/lenet_hls/solution1/.autopilot/db/tidy-3.1.activations.pp.0.cpp.err.log 
Execute         ap_eval exec -ignorestderr /tools/Xilinx/Vivado/2018.3/lnx64/tools/clang-3.9-csynth/bin/xilinx-legacy-rewriter /home/filipe/MEGA/GitHub/Neural-Network-High-Level-Synthesis-Lenet/lenet_hls/solution1/.autopilot/db/activations.pp.0.cpp -- -std=gnu++98 -fhls -ferror-limit=0 > /home/filipe/MEGA/GitHub/Neural-Network-High-Level-Synthesis-Lenet/lenet_hls/solution1/.autopilot/db/xilinx-legacy-rewriter.activations.pp.0.cpp.out.log 2> /home/filipe/MEGA/GitHub/Neural-Network-High-Level-Synthesis-Lenet/lenet_hls/solution1/.autopilot/db/xilinx-legacy-rewriter.activations.pp.0.cpp.err.log 
INFO-FLOW: Done: tidy-3.1 CDT preprocess time: 0.1 seconds per iteration
INFO-FLOW: Pragma Handling...
Execute       tidy_31 xilinx-ssdm-intrinsics-arguments /home/filipe/MEGA/GitHub/Neural-Network-High-Level-Synthesis-Lenet/lenet_hls/solution1/.autopilot/db/activations.pragma.1.cpp std=gnu++98 
INFO-FLOW: exec /tools/Xilinx/Vivado/2018.3/lnx64/tools/clang-3.9-csynth/bin/tidy-3.1 -header-filter=.* -checks=-*,xilinx-ssdm-intrinsics-arguments -quiet -fix-errors /home/filipe/MEGA/GitHub/Neural-Network-High-Level-Synthesis-Lenet/lenet_hls/solution1/.autopilot/db/activations.pragma.1.cpp -- -std=gnu++98 -fhls -ferror-limit=0
Execute       get_default_platform 
INFO-FLOW: Processing labels
Execute       clang -src /home/filipe/MEGA/GitHub/Neural-Network-High-Level-Synthesis-Lenet/lenet_hls/solution1/.autopilot/db/activations.pragma.2.cpp  -fno-limit-debug-info -gcc-toolchain /tools/Xilinx/Vivado/2018.3/lnx64/tools/gcc -hls -hls-analyze-label -hls-analyze-pragma -fno-exceptions  -D__llvm__  -w  "/home/filipe/MEGA/GitHub/Neural-Network-High-Level-Synthesis-Lenet/lenet_hls/solution1/.autopilot/db/activations.pragma.2.cpp"    -fno-math-errno -c -emit-llvm -O0  -mllvm -disable-llvm-optzns -fno-threadsafe-statics  -fno-use-cxa-atexit -DAESL_SYN -D__SYNTHESIS__ -D__HLS_SYN__ -I "/tools/Xilinx/Vivado/2018.3/common/technology/autopilot" -I "/tools/Xilinx/Vivado/2018.3/common/technology/autopilot/ap_sysc" -include etc/autopilot_ssdm_op.h -D__DSP48E1__ -g -o "/home/filipe/MEGA/GitHub/Neural-Network-High-Level-Synthesis-Lenet/lenet_hls/solution1/.autopilot/db/activations.bc" 
INFO-FLOW: exec /tools/Xilinx/Vivado/2018.3/lnx64/tools/clang/bin/clang -fno-limit-debug-info -gcc-toolchain /tools/Xilinx/Vivado/2018.3/lnx64/tools/gcc -hls -hls-analyze-label -hls-analyze-pragma -fno-exceptions -D__llvm__ -w /home/filipe/MEGA/GitHub/Neural-Network-High-Level-Synthesis-Lenet/lenet_hls/solution1/.autopilot/db/activations.pragma.2.cpp -fno-math-errno -c -emit-llvm -O0 -mllvm -disable-llvm-optzns -fno-threadsafe-statics -fno-use-cxa-atexit -DAESL_SYN -D__SYNTHESIS__ -D__HLS_SYN__ -I /tools/Xilinx/Vivado/2018.3/common/technology/autopilot -I /tools/Xilinx/Vivado/2018.3/common/technology/autopilot/ap_sysc -include etc/autopilot_ssdm_op.h -D__DSP48E1__ -g -o /home/filipe/MEGA/GitHub/Neural-Network-High-Level-Synthesis-Lenet/lenet_hls/solution1/.autopilot/db/activations.bc
Command       clang done; 1.26 sec.
INFO-FLOW: Linking Debug ...
Execute       llvm-ld /home/filipe/MEGA/GitHub/Neural-Network-High-Level-Synthesis-Lenet/lenet_hls/solution1/.autopilot/db/pool_layers.g.bc /home/filipe/MEGA/GitHub/Neural-Network-High-Level-Synthesis-Lenet/lenet_hls/solution1/.autopilot/db/lenet_hls.g.bc /home/filipe/MEGA/GitHub/Neural-Network-High-Level-Synthesis-Lenet/lenet_hls/solution1/.autopilot/db/full_connected.g.bc /home/filipe/MEGA/GitHub/Neural-Network-High-Level-Synthesis-Lenet/lenet_hls/solution1/.autopilot/db/conv_layers.g.bc /home/filipe/MEGA/GitHub/Neural-Network-High-Level-Synthesis-Lenet/lenet_hls/solution1/.autopilot/db/activations.g.bc -hls-opt -except-internalize lenet_hls -L/tools/Xilinx/Vivado/2018.3/lnx64/lib -lhlsm -lhlsmc++ -o /home/filipe/MEGA/GitHub/Neural-Network-High-Level-Synthesis-Lenet/lenet_hls/solution1/.autopilot/db/a.g 
Command       llvm-ld done; 4.12 sec.
INFO: [HLS 200-111] Finished Linking Time (s): cpu = 00:04:15 ; elapsed = 00:04:23 . Memory (MB): peak = 441.977 ; gain = 0.117 ; free physical = 6601 ; free virtual = 11415
INFO: [HLS 200-111] Finished Checking Pragmas Time (s): cpu = 00:04:15 ; elapsed = 00:04:23 . Memory (MB): peak = 441.977 ; gain = 0.117 ; free physical = 6601 ; free virtual = 11415
Execute       get_config_sdx -target 
Execute       opt_and_import_c a -opt_level=2 -skip_syncheck=0 -ng=0 -keep_printf=0 
Execute         cleanup_all_models 
INFO: [HLS 200-10] Starting code transformations ...
Execute         transform -promote-dbg-pointer /home/filipe/MEGA/GitHub/Neural-Network-High-Level-Synthesis-Lenet/lenet_hls/solution1/.autopilot/db/a.pp.bc -o /home/filipe/MEGA/GitHub/Neural-Network-High-Level-Synthesis-Lenet/lenet_hls/solution1/.autopilot/db/a.pp.0.bc -f 
Command         transform done; 1.25 sec.
Execute         llvm-ld /home/filipe/MEGA/GitHub/Neural-Network-High-Level-Synthesis-Lenet/lenet_hls/solution1/.autopilot/db/a.pp.0.bc -disable-opt -L/tools/Xilinx/Vivado/2018.3/lnx64/lib -lfloatconversion -o /home/filipe/MEGA/GitHub/Neural-Network-High-Level-Synthesis-Lenet/lenet_hls/solution1/.autopilot/db/a.g.0 
Command         llvm-ld done; 3.27 sec.
INFO-FLOW: Running Standard Transforms...
Execute         transform -hls -share-std-xform -demangle-name -inline-byval-memcpy -always-inline -promote-dbg-pointer -interface-preproc -mem2reg -lower-blackbox -scalarrepl -mem2reg -keep-read-access -instcombine -dce -promote-dbg-pointer -bitop-raise -loop-simplify -indvarspre -indvars -loop-simplify -xunroll -constprop -instcombine -simplifycfg -indvars -simplifycfg -dce -globaldce -basicaa -simplifycfg -mem2reg -globalopt -global-constprop -deadargelim -instcombine -simplifycfg -prune-eh -simplifycfg -scalarrepl -instcombine -reassociate -licm -simplifycfg -loop-simplify -indvars -instcombine -simplifycfg -mem2reg -loop-simplify -indvars -instcombine -gvn -gvn -instcombine -adce -break-crit-edges -simplifycfg -loop-delete -global-array-opt -dce -dse -adce -find-syn-modules -top lenet_hls -deadargelim -mem2reg -instcombine -dce -presyn-prepare -auto-rom-infer -interface-preproc -syn-check -check-rec-only -find-region -simplifycfg -func-extr -function-inline -globaldce -mem2reg -instcombine -dce -gvn -globaldce -adce -adse -constprop -instcombine -bit-constprop -instcombine -dce -simplifycfg -bitop-raise -simplifycfg -dce -loop-delete -reassociate -globalopt -global-privatize -mem2reg -dce -global-constprop -pointer-simplify -constprop -dce -func-inst -deadargelim -auto-shift-reg-idiom -promote-dbg-pointer -norm-name /home/filipe/MEGA/GitHub/Neural-Network-High-Level-Synthesis-Lenet/lenet_hls/solution1/.autopilot/db/a.g.0.bc -o /home/filipe/MEGA/GitHub/Neural-Network-High-Level-Synthesis-Lenet/lenet_hls/solution1/.autopilot/db/a.g.1.bc -f -phase std-opt 
INFO-FLOW: Workspace /home/filipe/MEGA/GitHub/Neural-Network-High-Level-Synthesis-Lenet/lenet_hls/solution1 opened at Thu Jun 18 11:16:26 -03 2020
Execute     config_clock -quiet -name default -period 10 -default=false 
INFO: [SYN 201-201] Setting up clock 'default' with a period of 10ns.
Execute     config_clock -quiet -name default -uncertainty 1.25 -unit % 
INFO: [SYN 201-201] Setting up clock 'default' with an uncertainty of 1.25ns.
Execute     open_platform DefaultPlatform 
Execute     import_lib /tools/Xilinx/Vivado/2018.3/common/technology/xilinx/zynq/zynq 
Execute       source /tools/Xilinx/Vivado/2018.3/common/technology/xilinx/common/xilinx.lib 
Execute         source /tools/Xilinx/Vivado/2018.3/common/technology/xilinx/interface/xilinx_interface.lib 
Execute           source /tools/Xilinx/Vivado/2018.3/common/technology/xilinx/interface/plb46.lib 
Execute           source /tools/Xilinx/Vivado/2018.3/common/technology/xilinx/interface/fsl.lib 
Execute           source /tools/Xilinx/Vivado/2018.3/common/technology/xilinx/interface/axi4.lib 
Execute           source /tools/Xilinx/Vivado/2018.3/common/technology/xilinx/interface/maxi.lib 
Execute           source /tools/Xilinx/Vivado/2018.3/common/technology/xilinx/interface/saxilite.lib 
Execute         source /tools/Xilinx/Vivado/2018.3/common/technology/xilinx/common/dsp48.lib 
Execute         source /tools/Xilinx/Vivado/2018.3/common/technology/xilinx/ip/xfir.lib 
Execute         source /tools/Xilinx/Vivado/2018.3/common/technology/xilinx/ip/dds_compiler.lib 
Execute         source /tools/Xilinx/Vivado/2018.3/common/technology/xilinx/ip/xfft.lib 
Execute       source /tools/Xilinx/Vivado/2018.3/common/technology/xilinx/common/xilinx_old.lib 
Execute       source /tools/Xilinx/Vivado/2018.3/common/technology/xilinx/common/xilinx_vivado.lib 
Execute       source /tools/Xilinx/Vivado/2018.3/common/technology/xilinx/common/xilinx.hlp 
Execute         source /tools/Xilinx/Vivado/2018.3/common/technology/xilinx/common/target_info.tcl 
Execute         source /tools/Xilinx/Vivado/2018.3/common/technology/xilinx/interface/xilinx_interface.hlp 
Execute           source /tools/Xilinx/Vivado/2018.3/common/technology/xilinx/interface/maxi.hlp 
Execute           source /tools/Xilinx/Vivado/2018.3/common/technology/xilinx/interface/saxilite.hlp 
Execute         source /tools/Xilinx/Vivado/2018.3/common/technology/xilinx/common/dsp48.hlp 
Execute       source /tools/Xilinx/Vivado/2018.3/common/technology/xilinx/zynq/dsp48e1.hlp 
Execute       get_default_platform 
Execute       config_chip_info -quiet -resource  {SLICE 13300}  {LUT 53200}     {FF 106400} {DSP48E 220}   {BRAM 280}  
Execute       config_chip_info -quiet -speed medium 
Execute       source /tools/Xilinx/Vivado/2018.3/common/technology/xilinx/common/xilinx.hlp 
Execute         source /tools/Xilinx/Vivado/2018.3/common/technology/xilinx/common/target_info.tcl 
Execute         source /tools/Xilinx/Vivado/2018.3/common/technology/xilinx/interface/xilinx_interface.hlp 
Execute           source /tools/Xilinx/Vivado/2018.3/common/technology/xilinx/interface/maxi.hlp 
Execute           source /tools/Xilinx/Vivado/2018.3/common/technology/xilinx/interface/saxilite.hlp 
Execute         source /tools/Xilinx/Vivado/2018.3/common/technology/xilinx/common/dsp48.hlp 
Execute     source /tools/Xilinx/Vivado/2018.3/common/technology/xilinx/zynq/zynq.gen 
Execute       source /tools/Xilinx/Vivado/2018.3/common/technology/xilinx/common/virtex.gen 
Execute         source /tools/Xilinx/Vivado/2018.3/common/technology/xilinx/common/xilinx.gen 
Execute           source /tools/Xilinx/Vivado/2018.3/common/technology/xilinx/interface/plb46.gen 
Execute           source /tools/Xilinx/Vivado/2018.3/common/technology/xilinx/interface/fsl.gen 
Execute           source /tools/Xilinx/Vivado/2018.3/common/technology/xilinx/interface/axi4.gen 
Execute           source /tools/Xilinx/Vivado/2018.3/common/technology/xilinx/interface/nativeAXI4.gen 
Execute             source /tools/Xilinx/Vivado/2018.3/common/technology/xilinx/interface/saxilite.gen 
Execute             source /tools/Xilinx/Vivado/2018.3/common/technology/xilinx/interface/maxi.gen 
Execute           source /tools/Xilinx/Vivado/2018.3/common/technology/xilinx/scripts/xilinxcoregen.gen 
Execute           source /tools/Xilinx/Vivado/2018.3/common/technology/xilinx/interface/XilEDKCoreGen.gen 
Execute           source /tools/Xilinx/Vivado/2018.3/common/technology/xilinx/ip/dds_compiler.gen 
Execute           source /tools/Xilinx/Vivado/2018.3/common/technology/xilinx/ip/util.gen 
Execute           source /tools/Xilinx/Vivado/2018.3/common/technology/xilinx/ip/xfft.gen 
Execute           source /tools/Xilinx/Vivado/2018.3/common/technology/xilinx/ip/xfir.gen 
Command         ap_source done; 0.11 sec.
Execute         source /tools/Xilinx/Vivado/2018.3/common/technology/xilinx/common/dsp48.gen 
Command       ap_source done; 0.11 sec.
Command     ap_source done; 0.11 sec.
Execute     open_platform DefaultPlatform 
Execute     import_lib /tools/Xilinx/Vivado/2018.3/common/technology/xilinx/zynq/zynq_fpv6 
Execute       source /tools/Xilinx/Vivado/2018.3/common/technology/xilinx/common/xilinx_fpv7.lib 
Execute         source /tools/Xilinx/Vivado/2018.3/common/technology/xilinx/common/xilinx_hp.lib 
Execute       source /tools/Xilinx/Vivado/2018.3/common/technology/xilinx/common/xilinx_fpv.hlp 
Execute         source /tools/Xilinx/Vivado/2018.3/common/technology/xilinx/common/xilinx.hlp 
Execute           source /tools/Xilinx/Vivado/2018.3/common/technology/xilinx/common/target_info.tcl 
Execute           source /tools/Xilinx/Vivado/2018.3/common/technology/xilinx/interface/xilinx_interface.hlp 
Execute             source /tools/Xilinx/Vivado/2018.3/common/technology/xilinx/interface/maxi.hlp 
Execute             source /tools/Xilinx/Vivado/2018.3/common/technology/xilinx/interface/saxilite.hlp 
Execute           source /tools/Xilinx/Vivado/2018.3/common/technology/xilinx/common/dsp48.hlp 
Execute       source /tools/Xilinx/Vivado/2018.3/common/technology/xilinx/zynq/zynq_hp.hlp 
Execute     source /tools/Xilinx/Vivado/2018.3/common/technology/xilinx/zynq/zynq_fpv6.gen 
Execute       source /tools/Xilinx/Vivado/2018.3/common/technology/xilinx/common/xilinx_fpv6.gen 
Execute     set_part xc7z007sclg225-1 
Execute       add_library xilinx/zynq/zynq:xc7z007s:clg225:-1 
Execute         get_default_platform 
Execute         license_isbetapart xc7z007s 
Command         license_isbetapart done; error code: 1; 
Execute         get_default_platform 
Execute         config_chip_info -quiet -resource  {SLICE 3600}   {LUT 14400}     {FF 28800}  {DSP48E 66}    {BRAM 100}  
Execute         config_chip_info -quiet -speed slow 
Execute       add_library xilinx/zynq/zynq_fpv6 
Execute         get_default_platform 
Execute         open_platform DefaultPlatform 
Execute         import_lib /tools/Xilinx/Vivado/2018.3/common/technology/xilinx/zynq/zynq_fpv6 
Execute           source /tools/Xilinx/Vivado/2018.3/common/technology/xilinx/common/xilinx_fpv7.lib 
Execute             source /tools/Xilinx/Vivado/2018.3/common/technology/xilinx/common/xilinx_hp.lib 
Execute           source /tools/Xilinx/Vivado/2018.3/common/technology/xilinx/common/xilinx_fpv.hlp 
Execute             source /tools/Xilinx/Vivado/2018.3/common/technology/xilinx/common/xilinx.hlp 
Execute               source /tools/Xilinx/Vivado/2018.3/common/technology/xilinx/common/target_info.tcl 
Execute               source /tools/Xilinx/Vivado/2018.3/common/technology/xilinx/interface/xilinx_interface.hlp 
Execute                 source /tools/Xilinx/Vivado/2018.3/common/technology/xilinx/interface/maxi.hlp 
Execute                 source /tools/Xilinx/Vivado/2018.3/common/technology/xilinx/interface/saxilite.hlp 
Execute               source /tools/Xilinx/Vivado/2018.3/common/technology/xilinx/common/dsp48.hlp 
Execute           source /tools/Xilinx/Vivado/2018.3/common/technology/xilinx/zynq/zynq_hp.hlp 
Execute         source /tools/Xilinx/Vivado/2018.3/common/technology/xilinx/zynq/zynq_fpv6.gen 
Execute           source /tools/Xilinx/Vivado/2018.3/common/technology/xilinx/common/xilinx_fpv6.gen 
INFO: [HLS 200-10] Setting target device to 'xc7z007sclg225-1'
Execute       get_default_platform 
Execute     get_default_platform 
Execute     config_chip_info -quiet -resource  {SLICE 3600}   {LUT 14400}     {FF 28800}  {DSP48E 66}    {BRAM 100}  
Execute     config_chip_info -quiet -speed slow 
Execute     config_compile -no_signed_zeros=0 
INFO: [XFORM 203-1172] Optimizing floating point zeros and discarding its signedness.
Execute     config_compile -unsafe_math_optimizations=0 
INFO: [XFORM 203-1172] Optimizing floating point zeros and discarding its signedness.
INFO: [XFORM 203-1173] Reordering floating point operations aggressively.
INFO: [XFORM 203-1176] Optimizing floating point comparison without checking NaN.
Execute     config_sdx -optimization_level=none 
Execute       get_config_export -vivado_synth_design_args 
Execute       get_config_export -vivado_impl_strategy 
Execute       get_config_export -vivado_synth_strategy 
Execute       get_config_export -vivado_phys_opt 
Execute       get_config_bind -effort 
Execute       get_config_schedule -effort 
Execute     config_sdx -target=none 
Execute       send_msg_by_id INFO @200-435@%s%s 'config_sdx -target' config_sdx -optimization_level=none 
INFO: [HLS 200-435] Setting 'config_sdx -target' configuration: config_sdx -optimization_level=none
Execute       config_sdx -optimization_level=none 
Execute         get_config_export -vivado_synth_design_args 
Execute         get_config_export -vivado_impl_strategy 
Execute         get_config_export -vivado_synth_strategy 
Execute         get_config_export -vivado_phys_opt 
Execute         get_config_bind -effort 
Execute         get_config_schedule -effort 
Execute       get_config_compile -pipeline_loops 
Execute       get_config_compile -name_max_length 
Execute       get_config_schedule -relax_ii_for_timing 
Execute       get_config_schedule -enable_dsp_full_reg 
Execute       get_config_rtl -register_reset_num 
Execute       get_config_rtl -auto_prefix 
Execute       get_config_rtl -enable_maxiConservative 
Execute       get_config_interface -m_axi_addr64 
Execute       send_msg_by_id INFO @200-435@%s%s 'config_sdx -target' set_clock_uncertainty default 
INFO: [HLS 200-435] Setting 'config_sdx -target' configuration: set_clock_uncertainty default
Execute       set_clock_uncertainty default 
Execute     config_bind -effort=medium 
Execute     config_schedule -effort=medium 
Execute     config_schedule -relax_ii_for_timing=0 
Command   open_solution done; 0.23 sec.
Execute   csim_design -clean -quiet 
INFO: [SIM 211-2] *************** CSIM start ***************
INFO: [SIM 211-4] CSIM will launch GCC as the compiler.
Execute     source csim/.lst_opt.tcl 
Execute     is_encrypted /home/filipe/MEGA/GitHub/Neural-Network-High-Level-Synthesis-Lenet/lenet_hls/headers/lenet_hls_test.h 
Execute     is_xip /home/filipe/MEGA/GitHub/Neural-Network-High-Level-Synthesis-Lenet/lenet_hls/headers/lenet_hls_test.h 
Execute     is_encrypted /home/filipe/MEGA/GitHub/Neural-Network-High-Level-Synthesis-Lenet/lenet_hls/lenet_hls_test.cpp 
Execute     is_xip /home/filipe/MEGA/GitHub/Neural-Network-High-Level-Synthesis-Lenet/lenet_hls/lenet_hls_test.cpp 
Execute     is_encrypted /home/filipe/MEGA/GitHub/Neural-Network-High-Level-Synthesis-Lenet/lenet_hls/headers/weights_fc3.h 
Execute     is_xip /home/filipe/MEGA/GitHub/Neural-Network-High-Level-Synthesis-Lenet/lenet_hls/headers/weights_fc3.h 
Execute     is_encrypted /home/filipe/MEGA/GitHub/Neural-Network-High-Level-Synthesis-Lenet/lenet_hls/headers/weights_fc2.h 
Execute     is_xip /home/filipe/MEGA/GitHub/Neural-Network-High-Level-Synthesis-Lenet/lenet_hls/headers/weights_fc2.h 
Execute     is_encrypted /home/filipe/MEGA/GitHub/Neural-Network-High-Level-Synthesis-Lenet/lenet_hls/headers/weights_fc1.h 
Execute     is_xip /home/filipe/MEGA/GitHub/Neural-Network-High-Level-Synthesis-Lenet/lenet_hls/headers/weights_fc1.h 
Execute     is_encrypted /home/filipe/MEGA/GitHub/Neural-Network-High-Level-Synthesis-Lenet/lenet_hls/headers/weights_conv2layer.h 
Execute     is_xip /home/filipe/MEGA/GitHub/Neural-Network-High-Level-Synthesis-Lenet/lenet_hls/headers/weights_conv2layer.h 
Execute     is_encrypted /home/filipe/MEGA/GitHub/Neural-Network-High-Level-Synthesis-Lenet/lenet_hls/headers/weights_conv1layer.h 
Execute     is_xip /home/filipe/MEGA/GitHub/Neural-Network-High-Level-Synthesis-Lenet/lenet_hls/headers/weights_conv1layer.h 
Execute     is_encrypted /home/filipe/MEGA/GitHub/Neural-Network-High-Level-Synthesis-Lenet/lenet_hls/headers/pool_layers.h 
Execute     is_xip /home/filipe/MEGA/GitHub/Neural-Network-High-Level-Synthesis-Lenet/lenet_hls/headers/pool_layers.h 
Execute     is_encrypted /home/filipe/MEGA/GitHub/Neural-Network-High-Level-Synthesis-Lenet/lenet_hls/pool_layers.cpp 
Execute     is_xip /home/filipe/MEGA/GitHub/Neural-Network-High-Level-Synthesis-Lenet/lenet_hls/pool_layers.cpp 
Execute     is_encrypted /home/filipe/MEGA/GitHub/Neural-Network-High-Level-Synthesis-Lenet/lenet_hls/headers/lenet_hls.h 
Execute     is_xip /home/filipe/MEGA/GitHub/Neural-Network-High-Level-Synthesis-Lenet/lenet_hls/headers/lenet_hls.h 
Execute     is_encrypted /home/filipe/MEGA/GitHub/Neural-Network-High-Level-Synthesis-Lenet/lenet_hls/lenet_hls.cpp 
Execute     is_xip /home/filipe/MEGA/GitHub/Neural-Network-High-Level-Synthesis-Lenet/lenet_hls/lenet_hls.cpp 
Execute     is_encrypted /home/filipe/MEGA/GitHub/Neural-Network-High-Level-Synthesis-Lenet/lenet_hls/headers/full_connected.h 
Execute     is_xip /home/filipe/MEGA/GitHub/Neural-Network-High-Level-Synthesis-Lenet/lenet_hls/headers/full_connected.h 
Execute     is_encrypted /home/filipe/MEGA/GitHub/Neural-Network-High-Level-Synthesis-Lenet/lenet_hls/full_connected.cpp 
Execute     is_xip /home/filipe/MEGA/GitHub/Neural-Network-High-Level-Synthesis-Lenet/lenet_hls/full_connected.cpp 
Execute     is_encrypted /home/filipe/MEGA/GitHub/Neural-Network-High-Level-Synthesis-Lenet/lenet_hls/headers/defines.h 
Execute     is_xip /home/filipe/MEGA/GitHub/Neural-Network-High-Level-Synthesis-Lenet/lenet_hls/headers/defines.h 
Execute     is_encrypted /home/filipe/MEGA/GitHub/Neural-Network-High-Level-Synthesis-Lenet/lenet_hls/headers/conv_layers.h 
Execute     is_xip /home/filipe/MEGA/GitHub/Neural-Network-High-Level-Synthesis-Lenet/lenet_hls/headers/conv_layers.h 
Execute     is_encrypted /home/filipe/MEGA/GitHub/Neural-Network-High-Level-Synthesis-Lenet/lenet_hls/conv_layers.cpp 
Execute     is_xip /home/filipe/MEGA/GitHub/Neural-Network-High-Level-Synthesis-Lenet/lenet_hls/conv_layers.cpp 
Execute     is_encrypted /home/filipe/MEGA/GitHub/Neural-Network-High-Level-Synthesis-Lenet/lenet_hls/headers/activations.h 
Execute     is_xip /home/filipe/MEGA/GitHub/Neural-Network-High-Level-Synthesis-Lenet/lenet_hls/headers/activations.h 
Execute     is_encrypted /home/filipe/MEGA/GitHub/Neural-Network-High-Level-Synthesis-Lenet/lenet_hls/activations.cpp 
Execute     is_xip /home/filipe/MEGA/GitHub/Neural-Network-High-Level-Synthesis-Lenet/lenet_hls/activations.cpp 
Execute     get_default_platform 
Execute     source run_sim.tcl 
Command     ap_source done; 1657.05 sec.
INFO: [SIM 211-1] CSim done with 0 errors.
INFO: [SIM 211-3] *************** CSIM finish ***************
Command   csim_design done; 1723.96 sec.
Command ap_source done; 1724.2 sec.
Execute cleanup_all 
