

================================================================
== Vivado HLS Report for 'fc3'
================================================================
* Date:           Wed Jun 17 16:36:27 2020

* Version:        2018.3 (Build 2405991 on Thu Dec 06 23:56:15 MST 2018)
* Project:        lenet_hls
* Solution:       solution1
* Product family: aartix7
* Target device:  xa7a12tcsg325-1q


================================================================
== Performance Estimates
================================================================
+ Timing (ns): 
    * Summary: 
    +--------+-------+----------+------------+
    |  Clock | Target| Estimated| Uncertainty|
    +--------+-------+----------+------------+
    |ap_clk  |  10.00|     8.380|        1.25|
    +--------+-------+----------+------------+

+ Latency (clock cycles): 
    * Summary: 
    +-------+-------+-------+-------+---------+
    |    Latency    |    Interval   | Pipeline|
    |  min  |  max  |  min  |  max  |   Type  |
    +-------+-------+-------+-------+---------+
    |  10691|  10691|  10691|  10691|   none  |
    +-------+-------+-------+-------+---------+

    + Detail: 
        * Instance: 
        N/A

        * Loop: 
        +----------------------+-------+-------+----------+-----------+-----------+------+----------+
        |                      |    Latency    | Iteration|  Initiation Interval  | Trip |          |
        |       Loop Name      |  min  |  max  |  Latency |  achieved |   target  | Count| Pipelined|
        +----------------------+-------+-------+----------+-----------+-----------+------+----------+
        |- memset_output       |      9|      9|         1|          -|          -|    10|    no    |
        |- fc_layer3_label10   |  10248|  10248|       122|          -|          -|    84|    no    |
        | + fc_layer3_label42  |    120|    120|        12|          -|          -|    10|    no    |
        |- fc_layer1_label15   |    200|    200|        20|          -|          -|    10|    no    |
        |- fc_layer1_label16   |    230|    230|        23|          -|          -|    10|    no    |
        +----------------------+-------+-------+----------+-----------+-----------+------+----------+



================================================================
== Utilization Estimates
================================================================
* Summary: 
+-----------------+---------+-------+-------+------+
|       Name      | BRAM_18K| DSP48E|   FF  |  LUT |
+-----------------+---------+-------+-------+------+
|DSP              |        -|      -|      -|     -|
|Expression       |        -|      -|      0|   166|
|FIFO             |        -|      -|      -|     -|
|Instance         |        -|     12|   1236|  2609|
|Memory           |        2|      -|     96|    10|
|Multiplexer      |        -|      -|      -|   438|
|Register         |        -|      -|    407|     -|
+-----------------+---------+-------+-------+------+
|Total            |        2|     12|   1739|  3223|
+-----------------+---------+-------+-------+------+
|Available        |       40|     40|  16000|  8000|
+-----------------+---------+-------+-------+------+
|Utilization (%)  |        5|     30|     10|    40|
+-----------------+---------+-------+-------+------+

+ Detail: 
    * Instance: 
    +----------------------------------------------+------------------------------------------+---------+-------+-----+-----+
    |                   Instance                   |                  Module                  | BRAM_18K| DSP48E|  FF | LUT |
    +----------------------------------------------+------------------------------------------+---------+-------+-----+-----+
    |lenet_hls_fadd_32ns_32ns_32_5_full_dsp_1_U46  |lenet_hls_fadd_32ns_32ns_32_5_full_dsp_1  |        0|      2|  205|  390|
    |lenet_hls_fdiv_32ns_32ns_32_12_1_U48          |lenet_hls_fdiv_32ns_32ns_32_12_1          |        0|      0|  564|  991|
    |lenet_hls_fexp_32ns_32ns_32_8_full_dsp_1_U49  |lenet_hls_fexp_32ns_32ns_32_8_full_dsp_1  |        0|      7|  324|  906|
    |lenet_hls_fmul_32ns_32ns_32_4_max_dsp_1_U47   |lenet_hls_fmul_32ns_32ns_32_4_max_dsp_1   |        0|      3|  143|  322|
    +----------------------------------------------+------------------------------------------+---------+-------+-----+-----+
    |Total                                         |                                          |        0|     12| 1236| 2609|
    +----------------------------------------------+------------------------------------------+---------+-------+-----+-----+

    * DSP48: 
    N/A

    * Memory: 
    +---------------------+-----------------------+---------+----+----+------+-----+------+-------------+
    |        Memory       |         Module        | BRAM_18K| FF | LUT| Words| Bits| Banks| W*Bits*Banks|
    +---------------------+-----------------------+---------+----+----+------+-----+------+-------------+
    |fc3_layer_bias_U     |fc3_fc3_layer_bias     |        0|  32|   5|    10|   32|     1|          320|
    |fc3_layer_weights_U  |fc3_fc3_layer_weights  |        2|   0|   0|   840|   32|     1|        26880|
    |output_U             |fc3_output             |        0|  64|   5|    10|   32|     1|          320|
    +---------------------+-----------------------+---------+----+----+------+-----+------+-------------+
    |Total                |                       |        2|  96|  10|   860|   96|     3|        27520|
    +---------------------+-----------------------+---------+----+----+------+-----+------+-------------+

    * FIFO: 
    N/A

    * Expression: 
    +---------------------+----------+-------+---+----+------------+------------+
    |    Variable Name    | Operation| DSP48E| FF| LUT| Bitwidth P0| Bitwidth P1|
    +---------------------+----------+-------+---+----+------------+------------+
    |i_3_fu_376_p2        |     +    |      0|  0|  13|           4|           1|
    |i_4_fu_345_p2        |     +    |      0|  0|  13|           4|           1|
    |i_5_fu_394_p2        |     +    |      0|  0|  13|           4|           1|
    |indvarinc_fu_280_p2  |     +    |      0|  0|  13|           4|           1|
    |j_3_fu_303_p2        |     +    |      0|  0|  15|           7|           1|
    |tmp_37_fu_333_p2     |     +    |      0|  0|  18|          11|          11|
    |tmp_38_fu_355_p2     |     +    |      0|  0|  18|          11|          11|
    |ap_block_state3      |    and   |      0|  0|   8|           1|           1|
    |exitcond7_fu_370_p2  |   icmp   |      0|  0|   9|           4|           4|
    |exitcond8_fu_339_p2  |   icmp   |      0|  0|   9|           4|           4|
    |exitcond9_fu_297_p2  |   icmp   |      0|  0|  11|           7|           7|
    |exitcond_fu_388_p2   |   icmp   |      0|  0|   9|           4|           4|
    |tmp_s_fu_291_p2      |   icmp   |      0|  0|   9|           4|           4|
    |ap_block_state1      |    or    |      0|  0|   8|           1|           1|
    +---------------------+----------+-------+---+----+------------+------------+
    |Total                |          |      0|  0| 166|          70|          52|
    +---------------------+----------+-------+---+----+------------+------------+

    * Multiplexer: 
    +------------------------+-----+-----------+-----+-----------+
    |          Name          | LUT | Input Size| Bits| Total Bits|
    +------------------------+-----+-----------+-----+-----------+
    |ap_NS_fsm               |  253|         59|    1|         59|
    |ap_done                 |    9|          2|    1|          2|
    |grp_fu_243_p0           |   15|          3|   32|         96|
    |grp_fu_243_p1           |   21|          4|   32|        128|
    |grp_fu_257_p1           |   15|          3|   32|         96|
    |i1_reg_221              |    9|          2|    4|          8|
    |i2_reg_232              |    9|          2|    4|          8|
    |i_reg_197               |    9|          2|    4|          8|
    |in_V_blk_n              |    9|          2|    1|          2|
    |invdar_reg_175          |    9|          2|    4|          8|
    |j_reg_186               |    9|          2|    7|         14|
    |out_V_blk_n             |    9|          2|    1|          2|
    |output_address0         |   38|          7|    4|         28|
    |output_d0               |   15|          3|   32|         96|
    |soft_max_value_reg_209  |    9|          2|   32|         64|
    +------------------------+-----+-----------+-----+-----------+
    |Total                   |  438|         97|  191|        619|
    +------------------------+-----+-----------+-----+-----------+

    * Register: 
    +------------------------------+----+----+-----+-----------+
    |             Name             | FF | LUT| Bits| Const Bits|
    +------------------------------+----+----+-----+-----------+
    |ap_CS_fsm                     |  58|   0|   58|          0|
    |ap_done_reg                   |   1|   0|    1|          0|
    |fc3_layer_bias_load_reg_477   |  32|   0|   32|          0|
    |fc3_layer_weights_lo_reg_444  |  32|   0|   32|          0|
    |i1_reg_221                    |   4|   0|    4|          0|
    |i2_reg_232                    |   4|   0|    4|          0|
    |i_3_reg_462                   |   4|   0|    4|          0|
    |i_4_reg_434                   |   4|   0|    4|          0|
    |i_5_reg_490                   |   4|   0|    4|          0|
    |i_reg_197                     |   4|   0|    4|          0|
    |invdar_reg_175                |   4|   0|    4|          0|
    |j_3_reg_416                   |   7|   0|    7|          0|
    |j_reg_186                     |   7|   0|    7|          0|
    |output_addr_1_reg_472         |   4|   0|    4|          0|
    |output_addr_2_reg_449         |   4|   0|    4|          0|
    |reg_262                       |  32|   0|   32|          0|
    |reg_268                       |  32|   0|   32|          0|
    |reg_274                       |  32|   0|   32|          0|
    |soft_max_value_reg_209        |  32|   0|   32|          0|
    |tmp_31_reg_454                |  32|   0|   32|          0|
    |tmp_34_reg_500                |  32|   0|   32|          0|
    |tmp_37_reg_426                |  10|   0|   11|          1|
    |tmp_40_reg_421                |  32|   0|   32|          0|
    +------------------------------+----+----+-----+-----------+
    |Total                         | 407|   0|  408|          1|
    +------------------------------+----+----+-----+-----------+



================================================================
== Interface
================================================================
* Summary: 
+--------------+-----+-----+------------+--------------+--------------+
|   RTL Ports  | Dir | Bits|  Protocol  | Source Object|    C Type    |
+--------------+-----+-----+------------+--------------+--------------+
|ap_clk        |  in |    1| ap_ctrl_hs |      fc3     | return value |
|ap_rst        |  in |    1| ap_ctrl_hs |      fc3     | return value |
|ap_start      |  in |    1| ap_ctrl_hs |      fc3     | return value |
|ap_done       | out |    1| ap_ctrl_hs |      fc3     | return value |
|ap_continue   |  in |    1| ap_ctrl_hs |      fc3     | return value |
|ap_idle       | out |    1| ap_ctrl_hs |      fc3     | return value |
|ap_ready      | out |    1| ap_ctrl_hs |      fc3     | return value |
|out_V_din     | out |   32|   ap_fifo  |     out_V    |    pointer   |
|out_V_full_n  |  in |    1|   ap_fifo  |     out_V    |    pointer   |
|out_V_write   | out |    1|   ap_fifo  |     out_V    |    pointer   |
|in_V_dout     |  in |   32|   ap_fifo  |     in_V     |    pointer   |
|in_V_empty_n  |  in |    1|   ap_fifo  |     in_V     |    pointer   |
|in_V_read     | out |    1|   ap_fifo  |     in_V     |    pointer   |
+--------------+-----+-----+------------+--------------+--------------+

